\BOOKMARK [2][]{Outline0.1}{Introduction}{}% 1
\BOOKMARK [2][]{Outline0.2}{The Problem}{}% 2
\BOOKMARK [2][]{Outline0.3}{Objective}{}% 3
\BOOKMARK [2][]{Outline0.4}{Literature review}{}% 4
\BOOKMARK [2][]{Outline0.5}{Methodology}{}% 5
\BOOKMARK [2][]{Outline0.6}{Experimentos Realizados}{}% 6
\BOOKMARK [2][]{Outline0.7}{Resultados}{}% 7
\BOOKMARK [2][]{Outline0.8}{Trabalhos Futuros}{}% 8
\BOOKMARK [2][]{Outline0.9}{Conclus\365es}{}% 9
\BOOKMARK [2][]{Outline0.10}{M\363dulos das Unidades da Assessoria Legislativa}{}% 10
\BOOKMARK [2][]{Outline0.11}{M\363dulo Gerenciar Solicita\347\365es das Unidades}{}% 11
\BOOKMARK [2][]{Outline0.12}{M\363dulo \301rea de Trabalho do Consultor Legislativo}{}% 12
\BOOKMARK [2][]{Outline0.13}{M\363dulo Minhas Notifica\347\365es}{}% 13
\BOOKMARK [2][]{Outline0.14}{M\363dulos das Unidades da Assessoria Legislativa}{}% 14
\BOOKMARK [2][]{Outline0.15}{M\363dulo Gerenciar Solicita\347\365es da Unidades - Funcionalidades}{}% 15
\BOOKMARK [3][]{Outline0.15.1.26}{Visualizar, Detalhes e Classifica\347\343o}{Outline0.15}% 16
\BOOKMARK [3][]{Outline0.15.2.32}{Distribui\347\343o Interna de Solicita\347\365es}{Outline0.15}% 17
\BOOKMARK [3][]{Outline0.15.3.34}{Encaminhar}{Outline0.15}% 18
\BOOKMARK [2][]{Outline0.16}{Pr\363ximos Passos}{}% 19
\BOOKMARK [2][]{Outline0.17}{Feedback}{}% 20
