This is pdfTeX, Version 3.14159265-2.6-1.40.20 (TeX Live 2019/Debian) (preloaded format=pdflatex 2023.5.30)  14 SEP 2023 08:16
entering extended mode
 \write18 enabled.
 %&-line parsing enabled.
**separado.tex
(./separado.tex
LaTeX2e <2020-02-02> patch level 2
L3 programming layer <2020-02-14>
(/usr/share/texlive/texmf-dist/tex/latex/base/book.cls
Document Class: book 2019/12/20 v1.4l Standard LaTeX document class
(/usr/share/texlive/texmf-dist/tex/latex/base/fleqn.clo
File: fleqn.clo 2016/12/29 v1.2b Standard LaTeX option (flush left equations)
\mathindent=\dimen134
Applying: [2015/01/01] Make \[ robust on input line 50.
LaTeX Info: Redefining \[ on input line 51.
Already applied: [0000/00/00] Make \[ robust on input line 62.
Applying: [2015/01/01] Make \] robust on input line 74.
LaTeX Info: Redefining \] on input line 75.
Already applied: [0000/00/00] Make \] robust on input line 83.
)
(/usr/share/texlive/texmf-dist/tex/latex/base/bk12.clo
File: bk12.clo 2019/12/20 v1.4l Standard LaTeX file (size option)
)
\c@part=\count167
\c@chapter=\count168
\c@section=\count169
\c@subsection=\count170
\c@subsubsection=\count171
\c@paragraph=\count172
\c@subparagraph=\count173
\c@figure=\count174
\c@table=\count175
\abovecaptionskip=\skip47
\belowcaptionskip=\skip48
\bibindent=\dimen135
) (./cfg/pkg.tex
(/usr/share/texlive/texmf-dist/tex/latex/comment/comment.sty
\CommentStream=\write3

Excluding comment 'comment')
(/usr/share/texlive/texmf-dist/tex/latex/graphics/graphicx.sty
Package: graphicx 2019/11/30 v1.2a Enhanced LaTeX Graphics (DPC,SPQR)

(/usr/share/texlive/texmf-dist/tex/latex/graphics/keyval.sty
Package: keyval 2014/10/28 v1.15 key=value parser (DPC)
\KV@toks@=\toks14
)
(/usr/share/texlive/texmf-dist/tex/latex/graphics/graphics.sty
Package: graphics 2019/11/30 v1.4a Standard LaTeX Graphics (DPC,SPQR)

(/usr/share/texlive/texmf-dist/tex/latex/graphics/trig.sty
Package: trig 2016/01/03 v1.10 sin cos tan (DPC)
)
(/usr/share/texlive/texmf-dist/tex/latex/graphics-cfg/graphics.cfg
File: graphics.cfg 2016/06/04 v1.11 sample graphics configuration
)
Package graphics Info: Driver file: pdftex.def on input line 105.

(/usr/share/texlive/texmf-dist/tex/latex/graphics-def/pdftex.def
File: pdftex.def 2018/01/08 v1.0l Graphics/color driver for pdftex
))
\Gin@req@height=\dimen136
\Gin@req@width=\dimen137
)
(/usr/share/texlive/texmf-dist/tex/latex/lipsum/lipsum.sty
(/usr/share/texlive/texmf-dist/tex/latex/l3kernel/expl3.sty
Package: expl3 2020-02-14 L3 programming layer (loader) 

(/usr/share/texlive/texmf-dist/tex/latex/l3backend/l3backend-pdfmode.def
File: l3backend-pdfmode.def 2020-02-03 L3 backend support: PDF mode
\l__kernel_color_stack_int=\count176
\l__pdf_internal_box=\box45
))
(/usr/share/texlive/texmf-dist/tex/latex/l3packages/xparse/xparse.sty
Package: xparse 2020-02-14 L3 Experimental document command parser
\l__xparse_current_arg_int=\count177
\g__xparse_grabber_int=\count178
\l__xparse_m_args_int=\count179
\l__xparse_v_nesting_int=\count180
)
Package: lipsum 2019/01/02 v2.2 150 paragraphs of Lorem Ipsum dummy text

(/usr/share/texlive/texmf-dist/tex/latex/lipsum/lipsum.ltd.tex
File: lipsum.ltd.tex 2019/01/02 v2.2 The Lorem ipsum dummy text
))
(/usr/share/texlive/texmf-dist/tex/latex/pgf/frontendlayer/tikz.sty
(/usr/share/texlive/texmf-dist/tex/latex/pgf/basiclayer/pgf.sty
(/usr/share/texlive/texmf-dist/tex/latex/pgf/utilities/pgfrcs.sty
(/usr/share/texlive/texmf-dist/tex/generic/pgf/utilities/pgfutil-common.tex
\pgfutil@everybye=\toks15
\pgfutil@tempdima=\dimen138
\pgfutil@tempdimb=\dimen139

(/usr/share/texlive/texmf-dist/tex/generic/pgf/utilities/pgfutil-common-lists.t
ex)) (/usr/share/texlive/texmf-dist/tex/generic/pgf/utilities/pgfutil-latex.def
\pgfutil@abb=\box46
(/usr/share/texlive/texmf-dist/tex/latex/ms/everyshi.sty
Package: everyshi 2001/05/15 v3.00 EveryShipout Package (MS)
))
(/usr/share/texlive/texmf-dist/tex/generic/pgf/utilities/pgfrcs.code.tex
(/usr/share/texlive/texmf-dist/tex/generic/pgf/pgf.revision.tex)
Package: pgfrcs 2020/01/08 v3.1.5b (3.1.5b)
))
Package: pgf 2020/01/08 v3.1.5b (3.1.5b)

(/usr/share/texlive/texmf-dist/tex/latex/pgf/basiclayer/pgfcore.sty
(/usr/share/texlive/texmf-dist/tex/latex/pgf/systemlayer/pgfsys.sty
(/usr/share/texlive/texmf-dist/tex/generic/pgf/systemlayer/pgfsys.code.tex
Package: pgfsys 2020/01/08 v3.1.5b (3.1.5b)

(/usr/share/texlive/texmf-dist/tex/generic/pgf/utilities/pgfkeys.code.tex
\pgfkeys@pathtoks=\toks16
\pgfkeys@temptoks=\toks17

(/usr/share/texlive/texmf-dist/tex/generic/pgf/utilities/pgfkeysfiltered.code.t
ex
\pgfkeys@tmptoks=\toks18
))
\pgf@x=\dimen140
\pgf@y=\dimen141
\pgf@xa=\dimen142
\pgf@ya=\dimen143
\pgf@xb=\dimen144
\pgf@yb=\dimen145
\pgf@xc=\dimen146
\pgf@yc=\dimen147
\pgf@xd=\dimen148
\pgf@yd=\dimen149
\w@pgf@writea=\write4
\r@pgf@reada=\read2
\c@pgf@counta=\count181
\c@pgf@countb=\count182
\c@pgf@countc=\count183
\c@pgf@countd=\count184
\t@pgf@toka=\toks19
\t@pgf@tokb=\toks20
\t@pgf@tokc=\toks21
\pgf@sys@id@count=\count185
 (/usr/share/texlive/texmf-dist/tex/generic/pgf/systemlayer/pgf.cfg
File: pgf.cfg 2020/01/08 v3.1.5b (3.1.5b)
)
Driver file for pgf: pgfsys-pdftex.def

(/usr/share/texlive/texmf-dist/tex/generic/pgf/systemlayer/pgfsys-pdftex.def
File: pgfsys-pdftex.def 2020/01/08 v3.1.5b (3.1.5b)

(/usr/share/texlive/texmf-dist/tex/generic/pgf/systemlayer/pgfsys-common-pdf.de
f
File: pgfsys-common-pdf.def 2020/01/08 v3.1.5b (3.1.5b)
)))
(/usr/share/texlive/texmf-dist/tex/generic/pgf/systemlayer/pgfsyssoftpath.code.
tex
File: pgfsyssoftpath.code.tex 2020/01/08 v3.1.5b (3.1.5b)
\pgfsyssoftpath@smallbuffer@items=\count186
\pgfsyssoftpath@bigbuffer@items=\count187
)
(/usr/share/texlive/texmf-dist/tex/generic/pgf/systemlayer/pgfsysprotocol.code.
tex
File: pgfsysprotocol.code.tex 2020/01/08 v3.1.5b (3.1.5b)
)) (/usr/share/texlive/texmf-dist/tex/latex/xcolor/xcolor.sty
Package: xcolor 2016/05/11 v2.12 LaTeX color extensions (UK)

(/usr/share/texlive/texmf-dist/tex/latex/graphics-cfg/color.cfg
File: color.cfg 2016/01/02 v1.6 sample color configuration
)
Package xcolor Info: Driver file: pdftex.def on input line 225.
Package xcolor Info: Model `cmy' substituted by `cmy0' on input line 1348.
Package xcolor Info: Model `hsb' substituted by `rgb' on input line 1352.
Package xcolor Info: Model `RGB' extended on input line 1364.
Package xcolor Info: Model `HTML' substituted by `rgb' on input line 1366.
Package xcolor Info: Model `Hsb' substituted by `hsb' on input line 1367.
Package xcolor Info: Model `tHsb' substituted by `hsb' on input line 1368.
Package xcolor Info: Model `HSB' substituted by `hsb' on input line 1369.
Package xcolor Info: Model `Gray' substituted by `gray' on input line 1370.
Package xcolor Info: Model `wave' substituted by `hsb' on input line 1371.
)
(/usr/share/texlive/texmf-dist/tex/generic/pgf/basiclayer/pgfcore.code.tex
Package: pgfcore 2020/01/08 v3.1.5b (3.1.5b)

(/usr/share/texlive/texmf-dist/tex/generic/pgf/math/pgfmath.code.tex
(/usr/share/texlive/texmf-dist/tex/generic/pgf/math/pgfmathcalc.code.tex
(/usr/share/texlive/texmf-dist/tex/generic/pgf/math/pgfmathutil.code.tex)
(/usr/share/texlive/texmf-dist/tex/generic/pgf/math/pgfmathparser.code.tex
\pgfmath@dimen=\dimen150
\pgfmath@count=\count188
\pgfmath@box=\box47
\pgfmath@toks=\toks22
\pgfmath@stack@operand=\toks23
\pgfmath@stack@operation=\toks24
)
(/usr/share/texlive/texmf-dist/tex/generic/pgf/math/pgfmathfunctions.code.tex
(/usr/share/texlive/texmf-dist/tex/generic/pgf/math/pgfmathfunctions.basic.code
.tex)
(/usr/share/texlive/texmf-dist/tex/generic/pgf/math/pgfmathfunctions.trigonomet
ric.code.tex)
(/usr/share/texlive/texmf-dist/tex/generic/pgf/math/pgfmathfunctions.random.cod
e.tex)
(/usr/share/texlive/texmf-dist/tex/generic/pgf/math/pgfmathfunctions.comparison
.code.tex)
(/usr/share/texlive/texmf-dist/tex/generic/pgf/math/pgfmathfunctions.base.code.
tex)
(/usr/share/texlive/texmf-dist/tex/generic/pgf/math/pgfmathfunctions.round.code
.tex)
(/usr/share/texlive/texmf-dist/tex/generic/pgf/math/pgfmathfunctions.misc.code.
tex)
(/usr/share/texlive/texmf-dist/tex/generic/pgf/math/pgfmathfunctions.integerari
thmetics.code.tex)))
(/usr/share/texlive/texmf-dist/tex/generic/pgf/math/pgfmathfloat.code.tex
\c@pgfmathroundto@lastzeros=\count189
))
(/usr/share/texlive/texmf-dist/tex/generic/pgf/math/pgfint.code.tex)
(/usr/share/texlive/texmf-dist/tex/generic/pgf/basiclayer/pgfcorepoints.code.te
x
File: pgfcorepoints.code.tex 2020/01/08 v3.1.5b (3.1.5b)
\pgf@picminx=\dimen151
\pgf@picmaxx=\dimen152
\pgf@picminy=\dimen153
\pgf@picmaxy=\dimen154
\pgf@pathminx=\dimen155
\pgf@pathmaxx=\dimen156
\pgf@pathminy=\dimen157
\pgf@pathmaxy=\dimen158
\pgf@xx=\dimen159
\pgf@xy=\dimen160
\pgf@yx=\dimen161
\pgf@yy=\dimen162
\pgf@zx=\dimen163
\pgf@zy=\dimen164
)
(/usr/share/texlive/texmf-dist/tex/generic/pgf/basiclayer/pgfcorepathconstruct.
code.tex
File: pgfcorepathconstruct.code.tex 2020/01/08 v3.1.5b (3.1.5b)
\pgf@path@lastx=\dimen165
\pgf@path@lasty=\dimen166
)
(/usr/share/texlive/texmf-dist/tex/generic/pgf/basiclayer/pgfcorepathusage.code
.tex
File: pgfcorepathusage.code.tex 2020/01/08 v3.1.5b (3.1.5b)
\pgf@shorten@end@additional=\dimen167
\pgf@shorten@start@additional=\dimen168
)
(/usr/share/texlive/texmf-dist/tex/generic/pgf/basiclayer/pgfcorescopes.code.te
x
File: pgfcorescopes.code.tex 2020/01/08 v3.1.5b (3.1.5b)
\pgfpic=\box48
\pgf@hbox=\box49
\pgf@layerbox@main=\box50
\pgf@picture@serial@count=\count190
)
(/usr/share/texlive/texmf-dist/tex/generic/pgf/basiclayer/pgfcoregraphicstate.c
ode.tex
File: pgfcoregraphicstate.code.tex 2020/01/08 v3.1.5b (3.1.5b)
\pgflinewidth=\dimen169
)
(/usr/share/texlive/texmf-dist/tex/generic/pgf/basiclayer/pgfcoretransformation
s.code.tex
File: pgfcoretransformations.code.tex 2020/01/08 v3.1.5b (3.1.5b)
\pgf@pt@x=\dimen170
\pgf@pt@y=\dimen171
\pgf@pt@temp=\dimen172
)
(/usr/share/texlive/texmf-dist/tex/generic/pgf/basiclayer/pgfcorequick.code.tex
File: pgfcorequick.code.tex 2020/01/08 v3.1.5b (3.1.5b)
)
(/usr/share/texlive/texmf-dist/tex/generic/pgf/basiclayer/pgfcoreobjects.code.t
ex
File: pgfcoreobjects.code.tex 2020/01/08 v3.1.5b (3.1.5b)
)
(/usr/share/texlive/texmf-dist/tex/generic/pgf/basiclayer/pgfcorepathprocessing
.code.tex
File: pgfcorepathprocessing.code.tex 2020/01/08 v3.1.5b (3.1.5b)
)
(/usr/share/texlive/texmf-dist/tex/generic/pgf/basiclayer/pgfcorearrows.code.te
x
File: pgfcorearrows.code.tex 2020/01/08 v3.1.5b (3.1.5b)
\pgfarrowsep=\dimen173
)
(/usr/share/texlive/texmf-dist/tex/generic/pgf/basiclayer/pgfcoreshade.code.tex
File: pgfcoreshade.code.tex 2020/01/08 v3.1.5b (3.1.5b)
\pgf@max=\dimen174
\pgf@sys@shading@range@num=\count191
\pgf@shadingcount=\count192
)
(/usr/share/texlive/texmf-dist/tex/generic/pgf/basiclayer/pgfcoreimage.code.tex
File: pgfcoreimage.code.tex 2020/01/08 v3.1.5b (3.1.5b)

(/usr/share/texlive/texmf-dist/tex/generic/pgf/basiclayer/pgfcoreexternal.code.
tex
File: pgfcoreexternal.code.tex 2020/01/08 v3.1.5b (3.1.5b)
\pgfexternal@startupbox=\box51
))
(/usr/share/texlive/texmf-dist/tex/generic/pgf/basiclayer/pgfcorelayers.code.te
x
File: pgfcorelayers.code.tex 2020/01/08 v3.1.5b (3.1.5b)
)
(/usr/share/texlive/texmf-dist/tex/generic/pgf/basiclayer/pgfcoretransparency.c
ode.tex
File: pgfcoretransparency.code.tex 2020/01/08 v3.1.5b (3.1.5b)
)
(/usr/share/texlive/texmf-dist/tex/generic/pgf/basiclayer/pgfcorepatterns.code.
tex
File: pgfcorepatterns.code.tex 2020/01/08 v3.1.5b (3.1.5b)
)
(/usr/share/texlive/texmf-dist/tex/generic/pgf/basiclayer/pgfcorerdf.code.tex
File: pgfcorerdf.code.tex 2020/01/08 v3.1.5b (3.1.5b)
)))
(/usr/share/texlive/texmf-dist/tex/generic/pgf/modules/pgfmoduleshapes.code.tex
File: pgfmoduleshapes.code.tex 2020/01/08 v3.1.5b (3.1.5b)
\pgfnodeparttextbox=\box52
) (/usr/share/texlive/texmf-dist/tex/generic/pgf/modules/pgfmoduleplot.code.tex
File: pgfmoduleplot.code.tex 2020/01/08 v3.1.5b (3.1.5b)
)
(/usr/share/texlive/texmf-dist/tex/latex/pgf/compatibility/pgfcomp-version-0-65
.sty
Package: pgfcomp-version-0-65 2020/01/08 v3.1.5b (3.1.5b)
\pgf@nodesepstart=\dimen175
\pgf@nodesepend=\dimen176
)
(/usr/share/texlive/texmf-dist/tex/latex/pgf/compatibility/pgfcomp-version-1-18
.sty
Package: pgfcomp-version-1-18 2020/01/08 v3.1.5b (3.1.5b)
)) (/usr/share/texlive/texmf-dist/tex/latex/pgf/utilities/pgffor.sty
(/usr/share/texlive/texmf-dist/tex/latex/pgf/utilities/pgfkeys.sty
(/usr/share/texlive/texmf-dist/tex/generic/pgf/utilities/pgfkeys.code.tex))
(/usr/share/texlive/texmf-dist/tex/latex/pgf/math/pgfmath.sty
(/usr/share/texlive/texmf-dist/tex/generic/pgf/math/pgfmath.code.tex))
(/usr/share/texlive/texmf-dist/tex/generic/pgf/utilities/pgffor.code.tex
Package: pgffor 2020/01/08 v3.1.5b (3.1.5b)

(/usr/share/texlive/texmf-dist/tex/generic/pgf/math/pgfmath.code.tex)
\pgffor@iter=\dimen177
\pgffor@skip=\dimen178
\pgffor@stack=\toks25
\pgffor@toks=\toks26
))
(/usr/share/texlive/texmf-dist/tex/generic/pgf/frontendlayer/tikz/tikz.code.tex
Package: tikz 2020/01/08 v3.1.5b (3.1.5b)

(/usr/share/texlive/texmf-dist/tex/generic/pgf/libraries/pgflibraryplothandlers
.code.tex
File: pgflibraryplothandlers.code.tex 2020/01/08 v3.1.5b (3.1.5b)
\pgf@plot@mark@count=\count193
\pgfplotmarksize=\dimen179
)
\tikz@lastx=\dimen180
\tikz@lasty=\dimen181
\tikz@lastxsaved=\dimen182
\tikz@lastysaved=\dimen183
\tikz@lastmovetox=\dimen184
\tikz@lastmovetoy=\dimen185
\tikzleveldistance=\dimen186
\tikzsiblingdistance=\dimen187
\tikz@figbox=\box53
\tikz@figbox@bg=\box54
\tikz@tempbox=\box55
\tikz@tempbox@bg=\box56
\tikztreelevel=\count194
\tikznumberofchildren=\count195
\tikznumberofcurrentchild=\count196
\tikz@fig@count=\count197

(/usr/share/texlive/texmf-dist/tex/generic/pgf/modules/pgfmodulematrix.code.tex
File: pgfmodulematrix.code.tex 2020/01/08 v3.1.5b (3.1.5b)
\pgfmatrixcurrentrow=\count198
\pgfmatrixcurrentcolumn=\count199
\pgf@matrix@numberofcolumns=\count266
)
\tikz@expandcount=\count267

(/usr/share/texlive/texmf-dist/tex/generic/pgf/frontendlayer/tikz/libraries/tik
zlibrarytopaths.code.tex
File: tikzlibrarytopaths.code.tex 2020/01/08 v3.1.5b (3.1.5b)
)))
(/usr/share/texlive/texmf-dist/tex/generic/pgf/frontendlayer/tikz/libraries/tik
zlibraryshadows.code.tex
File: tikzlibraryshadows.code.tex 2020/01/08 v3.1.5b (3.1.5b)

(/usr/share/texlive/texmf-dist/tex/generic/pgf/frontendlayer/tikz/libraries/tik
zlibraryfadings.code.tex
File: tikzlibraryfadings.code.tex 2020/01/08 v3.1.5b (3.1.5b)

(/usr/share/texlive/texmf-dist/tex/generic/pgf/libraries/pgflibraryfadings.code
.tex
File: pgflibraryfadings.code.tex 2020/01/08 v3.1.5b (3.1.5b)
))) (/usr/share/texlive/texmf-dist/tex/latex/tcolorbox/tcolorbox.sty
Package: tcolorbox 2019/11/15 version 4.22 text color boxes

(/usr/share/texlive/texmf-dist/tex/latex/tools/verbatim.sty
Package: verbatim 2019/11/10 v1.5r LaTeX2e package for verbatim enhancements
\every@verbatim=\toks27
\verbatim@line=\toks28
\verbatim@in@stream=\read3
)
(/usr/share/texlive/texmf-dist/tex/latex/environ/environ.sty
Package: environ 2014/05/04 v0.3 A new way to define environments

(/usr/share/texlive/texmf-dist/tex/latex/trimspaces/trimspaces.sty
Package: trimspaces 2009/09/17 v1.1 Trim spaces around a token list
)
\@envbody=\toks29
)
(/usr/share/texlive/texmf-dist/tex/latex/etoolbox/etoolbox.sty
Package: etoolbox 2019/09/21 v2.5h e-TeX tools for LaTeX (JAW)
\etb@tempcnta=\count268
)
\tcb@titlebox=\box57
\tcb@upperbox=\box58
\tcb@lowerbox=\box59
\tcb@phantombox=\box60
\c@tcbbreakpart=\count269
\c@tcblayer=\count270
\tcolorbox@number=\count271
\tcb@temp=\box61
\tcb@temp=\box62
\tcb@temp=\box63
\tcb@temp=\box64
\tcb@out=\write5
\tcb@record@out=\write6
)
(/usr/share/texlive/texmf-dist/tex/latex/tcolorbox/tcbskins.code.tex
Library (tcolorbox): 'tcbskins.code.tex' version '4.22'
\tcb@waterbox=\box65
(/usr/share/texlive/texmf-dist/tex/latex/tcolorbox/tcbskinsjigsaw.code.tex
Library (tcolorbox): 'tcbskinsjigsaw.code.tex' version '4.22'
)) (/usr/share/texlive/texmf-dist/tex/latex/subfigure/subfigure.sty
Package: subfigure 2002/03/15 v2.1.5 subfigure package
\subfigtopskip=\skip49
\subfigcapskip=\skip50
\subfigcaptopadj=\dimen188
\subfigbottomskip=\skip51
\subfigcapmargin=\dimen189
\subfiglabelskip=\skip52
\c@subfigure=\count272
\c@lofdepth=\count273
\c@subtable=\count274
\c@lotdepth=\count275

****************************************
* Local config file subfigure.cfg used *
****************************************
(/usr/share/texlive/texmf-dist/tex/latex/subfigure/subfigure.cfg)
\subfig@top=\skip53
\subfig@bottom=\skip54
)
(/usr/share/texlive/texmf-dist/tex/latex/float/float.sty
Package: float 2001/11/08 v1.3d Float enhancements (AL)
\c@float@type=\count276
\float@exts=\toks30
\float@box=\box66
\@float@everytoks=\toks31
\@floatcapt=\box67
)
(/usr/share/texlive/texmf-dist/tex/generic/babel/babel.sty
Package: babel 2020/02/14 3.40 The Babel package

(/usr/share/texlive/texmf-dist/tex/generic/babel/switch.def
File: switch.def 2020/02/14 3.40 Babel switching mechanism
)
(/usr/share/texlive/texmf-dist/tex/generic/babel-portuges/portuges.ldf
Language: portuges 2008/03/18 v1.2q Portuguese support from the babel system

(/usr/share/texlive/texmf-dist/tex/generic/babel/babel.def
File: babel.def 2020/02/14 3.40 Babel common definitions
\babel@savecnt=\count277
\U@D=\dimen190

(/usr/share/texlive/texmf-dist/tex/generic/babel/txtbabel.def)
\bbl@readstream=\read4
\bbl@dirlevel=\count278
)
Package babel Info: Making " an active character on input line 145.
))
(/usr/share/texlive/texmf-dist/tex/latex/enumitem/enumitem.sty
Package: enumitem 2019/06/20 v3.9 Customized lists
\labelindent=\skip55
\enit@outerparindent=\dimen191
\enit@toks=\toks32
\enit@inbox=\box68
\enit@count@id=\count279
\enitdp@description=\count280
)
(/usr/share/texlive/texmf-dist/tex/latex/booktabs/booktabs.sty
Package: booktabs 2020/01/12 v1.61803398 Publication quality tables
\heavyrulewidth=\dimen192
\lightrulewidth=\dimen193
\cmidrulewidth=\dimen194
\belowrulesep=\dimen195
\belowbottomsep=\dimen196
\aboverulesep=\dimen197
\abovetopsep=\dimen198
\cmidrulesep=\dimen199
\cmidrulekern=\dimen256
\defaultaddspace=\dimen257
\@cmidla=\count281
\@cmidlb=\count282
\@aboverulesep=\dimen258
\@belowrulesep=\dimen259
\@thisruleclass=\count283
\@lastruleclass=\count284
\@thisrulewidth=\dimen260
)
(/usr/share/texlive/texmf-dist/tex/latex/sectsty/sectsty.sty
Package: sectsty 2002/02/25 v2.0.2 Commands to change all sectional heading sty
les


LaTeX Warning: Command \underbar  has changed.
               Check if current package is valid.


LaTeX Warning: Command \underline  has changed.
               Check if current package is valid.

) (/usr/share/texlive/texmf-dist/tex/latex/tools/indentfirst.sty
Package: indentfirst 1995/11/23 v1.03 Indent first paragraph (DPC)
)
(/usr/share/texlive/texmf-dist/tex/latex/wrapfig/wrapfig.sty
\wrapoverhang=\dimen261
\WF@size=\dimen262
\c@WF@wrappedlines=\count285
\WF@box=\box69
\WF@everypar=\toks33
Package: wrapfig 2003/01/31  v 3.6
)
(/usr/share/texlive/texmf-dist/tex/latex/datetime2/datetime2.sty
Package: datetime2 2019/11/11 v1.5.5 (NLCT) date and time formats

(/usr/share/texlive/texmf-dist/tex/latex/tracklang/tracklang.sty
Package: tracklang 2019/11/30 v1.4 (NLCT) Track Languages

(/usr/share/texlive/texmf-dist/tex/generic/tracklang/tracklang.tex))
(/usr/share/texlive/texmf-dist/tex/latex/xkeyval/xkeyval.sty
Package: xkeyval 2014/12/03 v2.7a package option processing (HA)

(/usr/share/texlive/texmf-dist/tex/generic/xkeyval/xkeyval.tex
(/usr/share/texlive/texmf-dist/tex/generic/xkeyval/xkvutils.tex
\XKV@toks=\toks34
\XKV@tempa@toks=\toks35
)
\XKV@depth=\count286
File: xkeyval.tex 2014/12/03 v2.7a key=value parser (HA)
))
(/usr/share/texlive/texmf-dist/tex/latex/datetime2-portuges/datetime2-portuges.
ldf
File: datetime2-portuges.ldf 2018/08/21 v1.1
 (/usr/share/texlive/texmf-dist/tex/generic/iftex/ifxetex.sty
Package: ifxetex 2019/10/25 v0.7 ifxetex legacy package. Use iftex instead.

(/usr/share/texlive/texmf-dist/tex/generic/iftex/iftex.sty
Package: iftex 2019/11/07 v1.0c TeX engine tests
))
(/usr/share/texlive/texmf-dist/tex/generic/iftex/ifluatex.sty
Package: ifluatex 2019/10/25 v1.5 ifluatex legacy package. Use iftex instead.
)
(/usr/share/texlive/texmf-dist/tex/latex/datetime2-portuges/datetime2-portuges-
ascii.ldf
File: datetime2-portuges-ascii.ldf 2018/08/21 v1.1
))) (/usr/share/texlive/texmf-dist/tex/latex/ae/ae.sty
Package: ae 2001/02/12 1.3 Almost European Computer Modern

(/usr/share/texlive/texmf-dist/tex/latex/base/fontenc.sty
Package: fontenc 2020/02/11 v2.0o Standard LaTeX package
))
(/usr/share/texlive/texmf-dist/tex/latex/lastpage/lastpage.sty
Package: lastpage 2015/03/29 v1.2m Refers to last page's name (HMM; JPG)
)
(/usr/share/texlive/texmf-dist/tex/latex/jknapltx/mathrsfs.sty
Package: mathrsfs 1996/01/01 Math RSFS package v1.0 (jk)
\symrsfs=\mathgroup4
)
(/usr/share/texlive/texmf-dist/tex/latex/listings/listings.sty
\lst@mode=\count287
\lst@gtempboxa=\box70
\lst@token=\toks36
\lst@length=\count288
\lst@currlwidth=\dimen263
\lst@column=\count289
\lst@pos=\count290
\lst@lostspace=\dimen264
\lst@width=\dimen265
\lst@newlines=\count291
\lst@lineno=\count292
\lst@maxwidth=\dimen266

(/usr/share/texlive/texmf-dist/tex/latex/listings/lstmisc.sty
File: lstmisc.sty 2019/09/10 1.8c (Carsten Heinz)
\c@lstnumber=\count293
\lst@skipnumbers=\count294
\lst@framebox=\box71
)
(/usr/share/texlive/texmf-dist/tex/latex/listings/listings.cfg
File: listings.cfg 2019/09/10 1.8c listings configuration
))
Package: listings 2019/09/10 1.8c (Carsten Heinz)

(/usr/share/texlive/texmf-dist/tex/latex/tools/multicol.sty
Package: multicol 2019/12/09 v1.8y multicolumn formatting (FMi)
\c@tracingmulticols=\count295
\mult@box=\box72
\multicol@leftmargin=\dimen267
\c@unbalance=\count296
\c@collectmore=\count297
\doublecol@number=\count298
\multicoltolerance=\count299
\multicolpretolerance=\count300
\full@width=\dimen268
\page@free=\dimen269
\premulticols=\dimen270
\postmulticols=\dimen271
\multicolsep=\skip56
\multicolbaselineskip=\skip57
\partial@page=\box73
\last@line=\box74
\maxbalancingoverflow=\dimen272
\mult@rightbox=\box75
\mult@grightbox=\box76
\mult@gfirstbox=\box77
\mult@firstbox=\box78
\@tempa=\box79
\@tempa=\box80
\@tempa=\box81
\@tempa=\box82
\@tempa=\box83
\@tempa=\box84
\@tempa=\box85
\@tempa=\box86
\@tempa=\box87
\@tempa=\box88
\@tempa=\box89
\@tempa=\box90
\@tempa=\box91
\@tempa=\box92
\@tempa=\box93
\@tempa=\box94
\@tempa=\box95
\@tempa=\box96
\@tempa=\box97
\@tempa=\box98
\@tempa=\box99
\@tempa=\box100
\@tempa=\box101
\@tempa=\box102
\@tempa=\box103
\@tempa=\box104
\@tempa=\box105
\@tempa=\box106
\@tempa=\box107
\@tempa=\box108
\@tempa=\box109
\@tempa=\box110
\@tempa=\box111
\@tempa=\box112
\@tempa=\box113
\@tempa=\box114
\@tempa=\box115
\c@minrows=\count301
\c@columnbadness=\count302
\c@finalcolumnbadness=\count303
\last@try=\dimen273
\multicolovershoot=\dimen274
\multicolundershoot=\dimen275
\mult@nat@firstbox=\box116
\colbreak@box=\box117
\mc@col@check@num=\count304
)
(/usr/share/texlive/texmf-dist/tex/latex/tools/xspace.sty
Package: xspace 2014/10/28 v1.13 Space after command names (DPC,MH)
)
(/usr/share/texlive/texmf-dist/tex/latex/pdflscape/pdflscape.sty
Package: pdflscape 2019/12/05 v0.12 Display of landscape pages in PDF (HO)

(/usr/share/texlive/texmf-dist/tex/latex/graphics/lscape.sty
Package: lscape 2000/10/22 v3.01 Landscape Pages (DPC)
)
Package pdflscape Info: Auto-detected driver: pdftex on input line 81.
)
(/usr/share/texlive/texmf-dist/tex/latex/titlesec/titlesec.sty
Package: titlesec 2019/10/16 v2.13 Sectioning titles
\ttl@box=\box118
\beforetitleunit=\skip58
\aftertitleunit=\skip59
\ttl@plus=\dimen276
\ttl@minus=\dimen277
\ttl@toksa=\toks37
\titlewidth=\dimen278
\titlewidthlast=\dimen279
\titlewidthfirst=\dimen280
)
(/usr/share/texlive/texmf-dist/tex/latex/colortbl/colortbl.sty
Package: colortbl 2020/01/04 v1.0e Color table columns (DPC)

(/usr/share/texlive/texmf-dist/tex/latex/tools/array.sty
Package: array 2019/08/31 v2.4l Tabular extension package (FMi)
\col@sep=\dimen281
\ar@mcellbox=\box119
\extrarowheight=\dimen282
\NC@list=\toks38
\extratabsurround=\skip60
\backup@length=\skip61
\ar@cellbox=\box120
)
\everycr=\toks39
\minrowclearance=\skip62
)
(/usr/share/texlive/texmf-dist/tex/latex/epigraph/epigraph.sty
Package: epigraph 2020/01/02 v1.5e typesetting epigraphs

(/usr/share/texlive/texmf-dist/tex/latex/nextpage/nextpage.sty
Package: nextpage 2009/09/03 v1.1a additional page commands
)
\beforeepigraphskip=\skip63
\afterepigraphskip=\skip64
\epigraphwidth=\skip65
\epigraphrule=\skip66
)
(/usr/share/texlive/texmf-dist/tex/latex/progressbar/progressbar.sty
Package: progressbar 2014/05/04 v1.0b~4: progressbar

(/usr/share/texlive/texmf-dist/tex/latex/tools/calc.sty
Package: calc 2017/05/25 v4.3 Infix arithmetic (KKT,FJ)
\calc@Acount=\count305
\calc@Bcount=\count306
\calc@Adimen=\dimen283
\calc@Bdimen=\dimen284
\calc@Askip=\skip67
\calc@Bskip=\skip68
LaTeX Info: Redefining \setlength on input line 80.
LaTeX Info: Redefining \addtolength on input line 81.
\calc@Ccount=\count307
\calc@Cskip=\skip69
)
(/usr/share/texlive/texmf-dist/tex/latex/kvoptions/kvoptions.sty
Package: kvoptions 2019/11/29 v3.13 Key value format for package options (HO)

(/usr/share/texlive/texmf-dist/tex/generic/ltxcmds/ltxcmds.sty
Package: ltxcmds 2019/12/15 v1.24 LaTeX kernel commands for general use (HO)
)
(/usr/share/texlive/texmf-dist/tex/generic/kvsetkeys/kvsetkeys.sty
Package: kvsetkeys 2019/12/15 v1.18 Key value parser (HO)
))
\BarWidth=\skip70
\BarWidthCenter=\skip71
\BarHeight=\skip72
\BarHeightCenter=\skip73
\BarBorderWidth=\skip74
\BarRoundedCorners=\skip75
\BarPartWidth=\skip76
\BarSubDivisionsWidthANU=\skip77
\BarSubDivisionsWidthBNU=\skip78
\BarSubDivisionsWidthCNU=\skip79
\c@progressbar@counter=\count308
)
(/usr/share/texlive/texmf-dist/tex/latex/koma-script/typearea.sty
Package: typearea 2020/01/24 v3.29 KOMA-Script package (type area)

(/usr/share/texlive/texmf-dist/tex/latex/koma-script/scrkbase.sty
Package: scrkbase 2020/01/24 v3.29 KOMA-Script package (KOMA-Script-dependent b
asics and keyval usage)

(/usr/share/texlive/texmf-dist/tex/latex/koma-script/scrbase.sty
Package: scrbase 2020/01/24 v3.29 KOMA-Script package (KOMA-Script-independent 
basics and keyval usage)

(/usr/share/texlive/texmf-dist/tex/latex/koma-script/scrlfile.sty
Package: scrlfile 2020/01/24 v3.29 KOMA-Script package (loading files)
)))
\ta@bcor=\skip80
\ta@div=\count309
\ta@hblk=\skip81
\ta@vblk=\skip82
\ta@temp=\skip83
\footheight=\skip84
LaTeX Font Info:    Trying to load font information for T1+aer on input line 17
19.

(/usr/share/texlive/texmf-dist/tex/latex/ae/t1aer.fd
File: t1aer.fd 1997/11/16 Font definitions for T1/aer.
)
Package typearea Info: These are the values describing the layout:
(typearea)             DIV  = 12
(typearea)             BCOR = 0.0pt
(typearea)             \paperwidth      = 597.50793pt
(typearea)              \textwidth      = 448.13095pt
(typearea)              DIV departure   = -6%
(typearea)              \evensidemargin = 27.31467pt
(typearea)              \oddsidemargin  = -22.47766pt
(typearea)             \paperheight     = 845.04694pt
(typearea)              \textheight     = 635.5pt
(typearea)              \topmargin      = -41.72441pt
(typearea)              \headheight     = 18.125pt
(typearea)              \headsep        = 21.75pt
(typearea)              \topskip        = 12.0pt
(typearea)              \footskip       = 50.75pt
(typearea)              \baselineskip   = 14.5pt
(typearea)              on input line 1719.
)
(/usr/share/texlive/texmf-dist/tex/latex/pdfpages/pdfpages.sty
Package: pdfpages 2020/01/28 v0.5q Insert pages of external PDF documents (AM)

(/usr/share/texlive/texmf-dist/tex/latex/base/ifthen.sty
Package: ifthen 2014/09/29 v1.1c Standard LaTeX ifthen package (DPC)
)
(/usr/share/texlive/texmf-dist/tex/latex/eso-pic/eso-pic.sty
Package: eso-pic 2018/04/12 v2.0h eso-pic (RN)

(/usr/share/texlive/texmf-dist/tex/generic/atbegshi/atbegshi.sty
Package: atbegshi 2019/12/05 v1.19 At begin shipout hook (HO)

(/usr/share/texlive/texmf-dist/tex/generic/infwarerr/infwarerr.sty
Package: infwarerr 2019/12/03 v1.5 Providing info/warning/error messages (HO)
)))
\AM@pagewidth=\dimen285
\AM@pageheight=\dimen286

(/usr/share/texlive/texmf-dist/tex/latex/pdfpages/pppdftex.def
File: pppdftex.def 2020/01/28 v0.5q Pdfpages driver for pdfTeX (AM)
)
\AM@pagebox=\box121
\AM@global@opts=\toks40
\AM@pagecnt=\count310
\AM@toc@title=\toks41
\c@AM@survey=\count311
\AM@templatesizebox=\box122
)
(/usr/share/texlive/texmf-dist/tex/latex/marvosym/marvosym.sty
Package: marvosym 2011/07/20 v2.2 Martin Vogel's Symbols font definitions
)
(/usr/share/texlive/texmf-dist/tex/latex/fontawesome/fontawesome.sty
Package: fontawesome 2016/05/15 v4.6.3.1 font awesome icons

(/usr/share/texlive/texmf-dist/tex/latex/fontawesome/fontawesomesymbols-generic
.tex)
(/usr/share/texlive/texmf-dist/tex/latex/fontawesome/fontawesomesymbols-pdftex.
tex)) (/usr/share/texlive/texmf-dist/tex/latex/hyphenat/hyphenat.sty
Package: hyphenat 2009/09/02 v2.3c hyphenation utilities
\langwohyphens=\language85
LaTeX Info: Redefining \_ on input line 43.
)
(/usr/share/texlive/texmf-dist/tex/latex/tabulary/tabulary.sty
Package: tabulary 2014/06/11 v0.10 tabulary package (DPC)
\TY@count=\count312
\TY@linewidth=\dimen287
\tymin=\dimen288
\tymax=\dimen289
\TY@tablewidth=\dimen290
)
(/usr/share/texlive/texmf-dist/tex/latex/tools/tabularx.sty
Package: tabularx 2020/01/15 v2.11c `tabularx' package (DPC)
\TX@col@width=\dimen291
\TX@old@table=\dimen292
\TX@old@col=\dimen293
\TX@target=\dimen294
\TX@delta=\dimen295
\TX@cols=\count313
\TX@ftn=\toks42
)
(/usr/share/texlive/texmf-dist/tex/latex/soul/soul.sty
Package: soul 2003/11/17 v2.4 letterspacing/underlining (mf)
\SOUL@word=\toks43
\SOUL@lasttoken=\toks44
\SOUL@cmds=\toks45
\SOUL@buffer=\toks46
\SOUL@token=\toks47
\SOUL@spaceskip=\skip85
\SOUL@ttwidth=\dimen296
\SOUL@uldp=\dimen297
\SOUL@ulht=\dimen298
)
(/usr/share/texlive/texmf-dist/tex/generic/dirtree/dirtree.sty
Package: dirtree 2012/12/11 v0.32 package wrapper for dirtree

(/usr/share/texlive/texmf-dist/tex/generic/dirtree/dirtree.tex
`dirtree' v0.32, 2012/12/11 (jcc)
\DT@offset=\dimen299
\DT@width=\dimen300
\DT@sep=\dimen301
\DT@all=\dimen302
\DT@rulewidth=\dimen303
\DT@dotwidth=\dimen304
\DTbaselineskip=\dimen305
\DT@counti=\count314
\DT@countii=\count315
\DT@countiii=\count316
\DT@countiv=\count317
\DT@indent=\dimen306
\DT@parskip=\dimen307
\DT@baselineskip=\dimen308
)
File: dirtree.tex 2012/12/11 v0.32 `dirtree' (jcc)
)
(/usr/share/texlive/texmf-dist/tex/latex/adjustbox/adjustbox.sty
Package: adjustbox 2019/01/04 v1.2 Adjusting TeX boxes (trim, clip, ...)

(/usr/share/texlive/texmf-dist/tex/latex/adjustbox/adjcalc.sty
Package: adjcalc 2012/05/16 v1.1 Provides advanced setlength with multiple back
-ends (calc, etex, pgfmath)
)
(/usr/share/texlive/texmf-dist/tex/latex/adjustbox/trimclip.sty
Package: trimclip 2018/04/08 v1.1 Trim and clip general TeX material

(/usr/share/texlive/texmf-dist/tex/latex/collectbox/collectbox.sty
Package: collectbox 2012/05/17 v0.4b Collect macro arguments as boxes
\collectedbox=\box123
)
\tc@llx=\dimen309
\tc@lly=\dimen310
\tc@urx=\dimen311
\tc@ury=\dimen312
Package trimclip Info: Using driver 'tc-pdftex.def'.

(/usr/share/texlive/texmf-dist/tex/latex/adjustbox/tc-pdftex.def
File: tc-pdftex.def 2019/01/04 v2.2 Clipping driver for pdftex
))
\adjbox@Width=\dimen313
\adjbox@Height=\dimen314
\adjbox@Depth=\dimen315
\adjbox@Totalheight=\dimen316
\adjbox@pwidth=\dimen317
\adjbox@pheight=\dimen318
\adjbox@pdepth=\dimen319
\adjbox@ptotalheight=\dimen320

(/usr/share/texlive/texmf-dist/tex/latex/ifoddpage/ifoddpage.sty
Package: ifoddpage 2016/04/23 v1.1 Conditionals for odd/even page detection
\c@checkoddpage=\count318
)
(/usr/share/texlive/texmf-dist/tex/latex/varwidth/varwidth.sty
Package: varwidth 2009/03/30 ver 0.92;  Variable-width minipages
\@vwid@box=\box124
\sift@deathcycles=\count319
\@vwid@loff=\dimen321
\@vwid@roff=\dimen322
)))
(./cfg/sep-str.tex
(/usr/share/texlive/texmf-dist/tex/latex/geometry/geometry.sty
Package: geometry 2020/01/02 v5.9 Page Geometry

(/usr/share/texlive/texmf-dist/tex/generic/iftex/ifvtex.sty
Package: ifvtex 2019/10/25 v1.7 ifvtex legacy package. Use iftex instead.
)
\Gm@cnth=\count320
\Gm@cntv=\count321
\c@Gm@tempcnt=\count322
\Gm@bindingoffset=\dimen323
\Gm@wd@mp=\dimen324
\Gm@odd@mp=\dimen325
\Gm@even@mp=\dimen326
\Gm@layoutwidth=\dimen327
\Gm@layoutheight=\dimen328
\Gm@layouthoffset=\dimen329
\Gm@layoutvoffset=\dimen330
\Gm@dimlist=\toks48
)
(/usr/share/texlive/texmf-dist/tex/latex/psnfss/avant.sty
Package: avant 2005/04/12 PSNFSS-v9.2a (SPQR) 
)
(/usr/share/texlive/texmf-dist/tex/latex/psnfss/mathptmx.sty
Package: mathptmx 2005/04/12 PSNFSS-v9.2a Times w/ Math, improved (SPQR, WaS) 
LaTeX Font Info:    Redeclaring symbol font `operators' on input line 28.
LaTeX Font Info:    Overwriting symbol font `operators' in version `normal'
(Font)                  OT1/cmr/m/n --> OT1/ztmcm/m/n on input line 28.
LaTeX Font Info:    Overwriting symbol font `operators' in version `bold'
(Font)                  OT1/cmr/bx/n --> OT1/ztmcm/m/n on input line 28.
LaTeX Font Info:    Redeclaring symbol font `letters' on input line 29.
LaTeX Font Info:    Overwriting symbol font `letters' in version `normal'
(Font)                  OML/cmm/m/it --> OML/ztmcm/m/it on input line 29.
LaTeX Font Info:    Overwriting symbol font `letters' in version `bold'
(Font)                  OML/cmm/b/it --> OML/ztmcm/m/it on input line 29.
LaTeX Font Info:    Redeclaring symbol font `symbols' on input line 30.
LaTeX Font Info:    Overwriting symbol font `symbols' in version `normal'
(Font)                  OMS/cmsy/m/n --> OMS/ztmcm/m/n on input line 30.
LaTeX Font Info:    Overwriting symbol font `symbols' in version `bold'
(Font)                  OMS/cmsy/b/n --> OMS/ztmcm/m/n on input line 30.
LaTeX Font Info:    Redeclaring symbol font `largesymbols' on input line 31.
LaTeX Font Info:    Overwriting symbol font `largesymbols' in version `normal'
(Font)                  OMX/cmex/m/n --> OMX/ztmcm/m/n on input line 31.
LaTeX Font Info:    Overwriting symbol font `largesymbols' in version `bold'
(Font)                  OMX/cmex/m/n --> OMX/ztmcm/m/n on input line 31.
\symbold=\mathgroup5
\symitalic=\mathgroup6
LaTeX Font Info:    Redeclaring math alphabet \mathbf on input line 34.
LaTeX Font Info:    Overwriting math alphabet `\mathbf' in version `normal'
(Font)                  OT1/cmr/bx/n --> OT1/ptm/bx/n on input line 34.
LaTeX Font Info:    Overwriting math alphabet `\mathbf' in version `bold'
(Font)                  OT1/cmr/bx/n --> OT1/ptm/bx/n on input line 34.
LaTeX Font Info:    Redeclaring math alphabet \mathit on input line 35.
LaTeX Font Info:    Overwriting math alphabet `\mathit' in version `normal'
(Font)                  OT1/cmr/m/it --> OT1/ptm/m/it on input line 35.
LaTeX Font Info:    Overwriting math alphabet `\mathit' in version `bold'
(Font)                  OT1/cmr/bx/it --> OT1/ptm/m/it on input line 35.
LaTeX Info: Redefining \hbar on input line 50.
)
(/usr/share/texlive/texmf-dist/tex/latex/microtype/microtype.sty
Package: microtype 2019/11/18 v2.7d Micro-typographical refinements (RS)
\MT@toks=\toks49
\MT@count=\count323
LaTeX Info: Redefining \textls on input line 790.
\MT@outer@kern=\dimen331
LaTeX Info: Redefining \textmicrotypecontext on input line 1354.
\MT@listname@count=\count324

(/usr/share/texlive/texmf-dist/tex/latex/microtype/microtype-pdftex.def
File: microtype-pdftex.def 2019/11/18 v2.7d Definitions specific to pdftex (RS)

LaTeX Info: Redefining \lsstyle on input line 914.
LaTeX Info: Redefining \lslig on input line 914.
\MT@outer@space=\skip86
)
Package microtype Info: Loading configuration file microtype.cfg.

(/usr/share/texlive/texmf-dist/tex/latex/microtype/microtype.cfg
File: microtype.cfg 2019/11/18 v2.7d microtype main configuration file (RS)
))
(/usr/share/texlive/texmf-dist/tex/latex/base/inputenc.sty
Package: inputenc 2018/08/11 v1.3c Input encoding file
\inpenc@prehook=\toks50
\inpenc@posthook=\toks51
)
(/usr/share/texlive/texmf-dist/tex/latex/base/fontenc.sty
Package: fontenc 2020/02/11 v2.0o Standard LaTeX package
LaTeX Font Info:    Trying to load font information for T1+ptm on input line 11
2.

(/usr/share/texlive/texmf-dist/tex/latex/psnfss/t1ptm.fd
File: t1ptm.fd 2001/06/04 font definitions for T1/ptm.
))
(/usr/share/texlive/texmf-dist/tex/latex/setspace/setspace.sty
Package: setspace 2011/12/19 v6.7a set line spacing
)
(/usr/share/texlive/texmf-dist/tex/latex/csquotes/csquotes.sty
Package: csquotes 2019-12-06 v5.2j context-sensitive quotations (JAW)
\csq@reset=\count325
\csq@gtype=\count326
\csq@glevel=\count327
\csq@qlevel=\count328
\csq@maxlvl=\count329
\csq@tshold=\count330
\csq@ltx@everypar=\toks52

(/usr/share/texlive/texmf-dist/tex/latex/csquotes/csquotes.def
File: csquotes.def 2019-12-06 v5.2j csquotes generic definitions (JAW)
)
Package csquotes Info: Trying to load configuration file 'csquotes.cfg'...
Package csquotes Info: ... configuration file loaded successfully.

(/usr/share/texlive/texmf-dist/tex/latex/csquotes/csquotes.cfg
File: csquotes.cfg 
))
(/usr/share/texlive/texmf-dist/tex/latex/biblatex/biblatex.sty
Package: biblatex 2019/12/01 v3.14 programmable bibliographies (PK/MW)

(/usr/share/texlive/texmf-dist/tex/latex/pdftexcmds/pdftexcmds.sty
Package: pdftexcmds 2019/11/24 v0.31 Utility functions of pdfTeX for LuaTeX (HO
)
Package pdftexcmds Info: \pdf@primitive is available.
Package pdftexcmds Info: \pdf@ifprimitive is available.
Package pdftexcmds Info: \pdfdraftmode found.
)
(/usr/share/texlive/texmf-dist/tex/latex/logreq/logreq.sty
Package: logreq 2010/08/04 v1.0 xml request logger
\lrq@indent=\count331

(/usr/share/texlive/texmf-dist/tex/latex/logreq/logreq.def
File: logreq.def 2010/08/04 v1.0 logreq spec v1.0
))
(/usr/share/texlive/texmf-dist/tex/latex/url/url.sty
\Urlmuskip=\muskip16
Package: url 2013/09/16  ver 3.4  Verb mode for urls, etc.
)
\c@tabx@nest=\count332
\c@listtotal=\count333
\c@listcount=\count334
\c@liststart=\count335
\c@liststop=\count336
\c@citecount=\count337
\c@citetotal=\count338
\c@multicitecount=\count339
\c@multicitetotal=\count340
\c@instcount=\count341
\c@maxnames=\count342
\c@minnames=\count343
\c@maxitems=\count344
\c@minitems=\count345
\c@citecounter=\count346
\c@maxcitecounter=\count347
\c@savedcitecounter=\count348
\c@uniquelist=\count349
\c@uniquename=\count350
\c@refsection=\count351
\c@refsegment=\count352
\c@maxextratitle=\count353
\c@maxextratitleyear=\count354
\c@maxextraname=\count355
\c@maxextradate=\count356
\c@maxextraalpha=\count357
\c@abbrvpenalty=\count358
\c@highnamepenalty=\count359
\c@lownamepenalty=\count360
\c@maxparens=\count361
\c@parenlevel=\count362
\blx@tempcnta=\count363
\blx@tempcntb=\count364
\blx@tempcntc=\count365
\blx@maxsection=\count366
\blx@maxsegment@0=\count367
\blx@notetype=\count368
\blx@parenlevel@text=\count369
\blx@parenlevel@foot=\count370
\blx@sectionciteorder@0=\count371
\blx@entrysetcounter=\count372
\labelnumberwidth=\skip87
\labelalphawidth=\skip88
\biblabelsep=\skip89
\bibitemsep=\skip90
\bibnamesep=\skip91
\bibinitsep=\skip92
\bibparsep=\skip93
\bibhang=\skip94
\blx@bcfin=\read5
\blx@bcfout=\write7
\blx@langwohyphens=\language86
\c@mincomprange=\count373
\c@maxcomprange=\count374
\c@mincompwidth=\count375
Package biblatex Info: Trying to load biblatex default data model...
Package biblatex Info: ... file 'blx-dm.def' found.

(/usr/share/texlive/texmf-dist/tex/latex/biblatex/blx-dm.def
File: blx-dm.def 2019/12/01 v3.14 biblatex localization (PK/MW)
)
Package biblatex Info: Trying to load biblatex style data model...
Package biblatex Info: ... file 'numeric.dbx' not found.
Package biblatex Info: Trying to load biblatex custom data model...
Package biblatex Info: ... file 'biblatex-dm.cfg' not found.
\c@afterword=\count376
\c@savedafterword=\count377
\c@annotator=\count378
\c@savedannotator=\count379
\c@author=\count380
\c@savedauthor=\count381
\c@bookauthor=\count382
\c@savedbookauthor=\count383
\c@commentator=\count384
\c@savedcommentator=\count385
\c@editor=\count386
\c@savededitor=\count387
\c@editora=\count388
\c@savededitora=\count389
\c@editorb=\count390
\c@savededitorb=\count391
\c@editorc=\count392
\c@savededitorc=\count393
\c@foreword=\count394
\c@savedforeword=\count395
\c@holder=\count396
\c@savedholder=\count397
\c@introduction=\count398
\c@savedintroduction=\count399
\c@namea=\count400
\c@savednamea=\count401
\c@nameb=\count402
\c@savednameb=\count403
\c@namec=\count404
\c@savednamec=\count405
\c@translator=\count406
\c@savedtranslator=\count407
\c@shortauthor=\count408
\c@savedshortauthor=\count409
\c@shorteditor=\count410
\c@savedshorteditor=\count411
\c@labelname=\count412
\c@savedlabelname=\count413
\c@institution=\count414
\c@savedinstitution=\count415
\c@lista=\count416
\c@savedlista=\count417
\c@listb=\count418
\c@savedlistb=\count419
\c@listc=\count420
\c@savedlistc=\count421
\c@listd=\count422
\c@savedlistd=\count423
\c@liste=\count424
\c@savedliste=\count425
\c@listf=\count426
\c@savedlistf=\count427
\c@location=\count428
\c@savedlocation=\count429
\c@organization=\count430
\c@savedorganization=\count431
\c@origlocation=\count432
\c@savedoriglocation=\count433
\c@origpublisher=\count434
\c@savedorigpublisher=\count435
\c@publisher=\count436
\c@savedpublisher=\count437
\c@language=\count438
\c@savedlanguage=\count439
\c@origlanguage=\count440
\c@savedoriglanguage=\count441
\c@pageref=\count442
\c@savedpageref=\count443
\shorthandwidth=\skip95
\shortjournalwidth=\skip96
\shortserieswidth=\skip97
\shorttitlewidth=\skip98
\shortauthorwidth=\skip99
\shorteditorwidth=\skip100
\locallabelnumberwidth=\skip101
\locallabelalphawidth=\skip102
\localshorthandwidth=\skip103
\localshortjournalwidth=\skip104
\localshortserieswidth=\skip105
\localshorttitlewidth=\skip106
\localshortauthorwidth=\skip107
\localshorteditorwidth=\skip108
Package biblatex Info: Trying to load compatibility code...
Package biblatex Info: ... file 'blx-compat.def' found.

(/usr/share/texlive/texmf-dist/tex/latex/biblatex/blx-compat.def
File: blx-compat.def 2019/12/01 v3.14 biblatex compatibility (PK/MW)
)
Package biblatex Info: Trying to load generic definitions...
Package biblatex Info: ... file 'biblatex.def' found.

(/usr/share/texlive/texmf-dist/tex/latex/biblatex/biblatex.def
File: biblatex.def 2019/12/01 v3.14 biblatex compatibility (PK/MW)
\c@textcitecount=\count444
\c@textcitetotal=\count445
\c@textcitemaxnames=\count446
\c@biburlbigbreakpenalty=\count447
\c@biburlbreakpenalty=\count448
\c@biburlnumpenalty=\count449
\c@biburlucpenalty=\count450
\c@biburllcpenalty=\count451
\biburlbigskip=\muskip17
\biburlnumskip=\muskip18
\biburlucskip=\muskip19
\biburllcskip=\muskip20
\c@smartand=\count452
)
Package biblatex Info: Trying to load bibliography style 'numeric'...
Package biblatex Info: ... file 'numeric.bbx' found.

(/usr/share/texlive/texmf-dist/tex/latex/biblatex/bbx/numeric.bbx
File: numeric.bbx 2019/12/01 v3.14 biblatex bibliography style (PK/MW)
Package biblatex Info: Trying to load bibliography style 'standard'...
Package biblatex Info: ... file 'standard.bbx' found.

(/usr/share/texlive/texmf-dist/tex/latex/biblatex/bbx/standard.bbx
File: standard.bbx 2019/12/01 v3.14 biblatex bibliography style (PK/MW)
\c@bbx:relatedcount=\count453
\c@bbx:relatedtotal=\count454
))
Package biblatex Info: Trying to load citation style 'numeric'...
Package biblatex Info: ... file 'numeric.cbx' found.

(/usr/share/texlive/texmf-dist/tex/latex/biblatex/cbx/numeric.cbx
File: numeric.cbx 2019/12/01 v3.14 biblatex citation style (PK/MW)
Package biblatex Info: Redefining '\cite'.
Package biblatex Info: Redefining '\parencite'.
Package biblatex Info: Redefining '\footcite'.
Package biblatex Info: Redefining '\footcitetext'.
Package biblatex Info: Redefining '\smartcite'.
Package biblatex Info: Redefining '\supercite'.
Package biblatex Info: Redefining '\textcite'.
Package biblatex Info: Redefining '\textcites'.
Package biblatex Info: Redefining '\cites'.
Package biblatex Info: Redefining '\parencites'.
Package biblatex Info: Redefining '\smartcites'.
)
Package biblatex Info: Trying to load configuration file...
Package biblatex Info: ... file 'biblatex.cfg' found.

(/usr/share/texlive/texmf-dist/tex/latex/biblatex/biblatex.cfg
File: biblatex.cfg 
)

Package biblatex Warning: 'babel' option is deprecated.
(biblatex)                Please use 'autolang' instead.

) (/usr/share/texlive/texmf-dist/tex/latex/base/makeidx.sty
Package: makeidx 2014/09/29 v1.0m Standard LaTeX package
)
\@indexfile=\write8
\openout8 = `separado.idx'.


Writing index file separado.idx
(/usr/share/texlive/texmf-dist/tex/latex/titlesec/titletoc.sty
Package: titletoc 2019/10/16 v2.13 TOC entries
\ttl@leftsep=\dimen332
)
(/usr/share/texlive/texmf-dist/tex/latex/fancyhdr/fancyhdr.sty
Package: fancyhdr 2019/01/31 v3.10 Extensive control of page headers and footer
s
\f@nch@headwidth=\skip109
\f@nch@O@elh=\skip110
\f@nch@O@erh=\skip111
\f@nch@O@olh=\skip112
\f@nch@O@orh=\skip113
\f@nch@O@elf=\skip114
\f@nch@O@erf=\skip115
\f@nch@O@olf=\skip116
\f@nch@O@orf=\skip117
)
(/usr/share/texlive/texmf-dist/tex/latex/amsmath/amsmath.sty
Package: amsmath 2020/01/20 v2.17e AMS math features
\@mathmargin=\skip118

For additional information on amsmath, use the `?' option.
(/usr/share/texlive/texmf-dist/tex/latex/amsmath/amstext.sty
Package: amstext 2000/06/29 v2.01 AMS text

(/usr/share/texlive/texmf-dist/tex/latex/amsmath/amsgen.sty
File: amsgen.sty 1999/11/30 v2.0 generic functions
\@emptytoks=\toks53
\ex@=\dimen333
))
(/usr/share/texlive/texmf-dist/tex/latex/amsmath/amsbsy.sty
Package: amsbsy 1999/11/29 v1.2d Bold Symbols
\pmbraise@=\dimen334
)
(/usr/share/texlive/texmf-dist/tex/latex/amsmath/amsopn.sty
Package: amsopn 2016/03/08 v2.02 operator names
)
\inf@bad=\count455
LaTeX Info: Redefining \frac on input line 227.
\uproot@=\count456
\leftroot@=\count457
LaTeX Info: Redefining \overline on input line 389.
\classnum@=\count458
\DOTSCASE@=\count459
LaTeX Info: Redefining \ldots on input line 486.
LaTeX Info: Redefining \dots on input line 489.
LaTeX Info: Redefining \cdots on input line 610.
\Mathstrutbox@=\box125
\strutbox@=\box126
\big@size=\dimen335
LaTeX Font Info:    Redeclaring font encoding OML on input line 733.
LaTeX Font Info:    Redeclaring font encoding OMS on input line 734.
\macc@depth=\count460
\c@MaxMatrixCols=\count461
\dotsspace@=\muskip21
\c@parentequation=\count462
\dspbrk@lvl=\count463
\tag@help=\toks54
\row@=\count464
\column@=\count465
\maxfields@=\count466
\andhelp@=\toks55
\eqnshift@=\dimen336
\alignsep@=\dimen337
\tagshift@=\dimen338
\tagwidth@=\dimen339
\totwidth@=\dimen340
\lineht@=\dimen341
\@envbody=\toks56
\multlinegap=\skip119
\multlinetaggap=\skip120
\mathdisplay@stack=\toks57
LaTeX Info: Redefining \[ on input line 2859.
LaTeX Info: Redefining \] on input line 2860.
)
(/usr/share/texlive/texmf-dist/tex/latex/amsfonts/amsfonts.sty
Package: amsfonts 2013/01/14 v3.01 Basic AMSFonts support
\symAMSa=\mathgroup7
\symAMSb=\mathgroup8
LaTeX Font Info:    Overwriting math alphabet `\mathfrak' in version `bold'
(Font)                  U/euf/m/n --> U/euf/b/n on input line 106.
)
(/usr/share/texlive/texmf-dist/tex/latex/amsfonts/amssymb.sty
Package: amssymb 2013/01/14 v3.01 AMS font symbols
)
(/usr/share/texlive/texmf-dist/tex/latex/amscls/amsthm.sty
Package: amsthm 2017/10/31 v2.20.4
\thm@style=\toks58
\thm@bodyfont=\toks59
\thm@headfont=\toks60
\thm@notefont=\toks61
\thm@headpunct=\toks62
\thm@preskip=\skip121
\thm@postskip=\skip122
\thm@headsep=\skip123
\dth@everypar=\toks63
)
\c@notation=\count467
\c@dummy=\count468
\c@problem=\count469
\c@exerciseT=\count470
\c@exampleT=\count471
\c@vocabulary=\count472
\c@definitionT=\count473

(/usr/share/texlive/texmf-dist/tex/latex/mdframed/mdframed.sty
Package: mdframed 2013/07/01 1.9b: mdframed

(/usr/share/texlive/texmf-dist/tex/latex/zref/zref-abspage.sty
Package: zref-abspage 2019/11/29 v2.28 Module abspage for zref (HO)

(/usr/share/texlive/texmf-dist/tex/latex/zref/zref-base.sty
Package: zref-base 2019/11/29 v2.28 Module base for zref (HO)

(/usr/share/texlive/texmf-dist/tex/generic/kvdefinekeys/kvdefinekeys.sty
Package: kvdefinekeys 2019-12-19 v1.6 Define keys (HO)
)
(/usr/share/texlive/texmf-dist/tex/generic/etexcmds/etexcmds.sty
Package: etexcmds 2019/12/15 v1.7 Avoid name clashes with e-TeX commands (HO)
)
(/usr/share/texlive/texmf-dist/tex/latex/auxhook/auxhook.sty
Package: auxhook 2019-12-17 v1.6 Hooks for auxiliary files (HO)
)
Package zref Info: New property list: main on input line 763.
Package zref Info: New property: default on input line 764.
Package zref Info: New property: page on input line 765.
)
\c@abspage=\count474
Package zref Info: New property: abspage on input line 66.
)
(/usr/share/texlive/texmf-dist/tex/latex/needspace/needspace.sty
Package: needspace 2010/09/12 v1.3d reserve vertical space
)
\mdf@templength=\skip124
\c@mdf@globalstyle@cnt=\count475
\mdf@skipabove@length=\skip125
\mdf@skipbelow@length=\skip126
\mdf@leftmargin@length=\skip127
\mdf@rightmargin@length=\skip128
\mdf@innerleftmargin@length=\skip129
\mdf@innerrightmargin@length=\skip130
\mdf@innertopmargin@length=\skip131
\mdf@innerbottommargin@length=\skip132
\mdf@splittopskip@length=\skip133
\mdf@splitbottomskip@length=\skip134
\mdf@outermargin@length=\skip135
\mdf@innermargin@length=\skip136
\mdf@linewidth@length=\skip137
\mdf@innerlinewidth@length=\skip138
\mdf@middlelinewidth@length=\skip139
\mdf@outerlinewidth@length=\skip140
\mdf@roundcorner@length=\skip141
\mdf@footenotedistance@length=\skip142
\mdf@userdefinedwidth@length=\skip143
\mdf@needspace@length=\skip144
\mdf@frametitleaboveskip@length=\skip145
\mdf@frametitlebelowskip@length=\skip146
\mdf@frametitlerulewidth@length=\skip147
\mdf@frametitleleftmargin@length=\skip148
\mdf@frametitlerightmargin@length=\skip149
\mdf@shadowsize@length=\skip150
\mdf@extratopheight@length=\skip151
\mdf@subtitleabovelinewidth@length=\skip152
\mdf@subtitlebelowlinewidth@length=\skip153
\mdf@subtitleaboveskip@length=\skip154
\mdf@subtitlebelowskip@length=\skip155
\mdf@subtitleinneraboveskip@length=\skip156
\mdf@subtitleinnerbelowskip@length=\skip157
\mdf@subsubtitleabovelinewidth@length=\skip158
\mdf@subsubtitlebelowlinewidth@length=\skip159
\mdf@subsubtitleaboveskip@length=\skip160
\mdf@subsubtitlebelowskip@length=\skip161
\mdf@subsubtitleinneraboveskip@length=\skip162
\mdf@subsubtitleinnerbelowskip@length=\skip163

(/usr/share/texlive/texmf-dist/tex/latex/mdframed/md-frame-0.mdf
File: md-frame-0.mdf 2013/07/01\ 1.9b: md-frame-0
)
\mdf@frametitlebox=\box127
\mdf@footnotebox=\box128
\mdf@splitbox@one=\box129
\mdf@splitbox@two=\box130
\mdf@splitbox@save=\box131
\mdfsplitboxwidth=\skip164
\mdfsplitboxtotalwidth=\skip165
\mdfsplitboxheight=\skip166
\mdfsplitboxdepth=\skip167
\mdfsplitboxtotalheight=\skip168
\mdfframetitleboxwidth=\skip169
\mdfframetitleboxtotalwidth=\skip170
\mdfframetitleboxheight=\skip171
\mdfframetitleboxdepth=\skip172
\mdfframetitleboxtotalheight=\skip173
\mdffootnoteboxwidth=\skip174
\mdffootnoteboxtotalwidth=\skip175
\mdffootnoteboxheight=\skip176
\mdffootnoteboxdepth=\skip177
\mdffootnoteboxtotalheight=\skip178
\mdftotallinewidth=\skip179
\mdfboundingboxwidth=\skip180
\mdfboundingboxtotalwidth=\skip181
\mdfboundingboxheight=\skip182
\mdfboundingboxdepth=\skip183
\mdfboundingboxtotalheight=\skip184
\mdf@freevspace@length=\skip185
\mdf@horizontalwidthofbox@length=\skip186
\mdf@verticalmarginwhole@length=\skip187
\mdf@horizontalspaceofbox=\skip188
\mdfsubtitleheight=\skip189
\mdfsubsubtitleheight=\skip190
\c@mdfcountframes=\count476

****** mdframed patching \endmdf@trivlist

****** -- success******

\mdf@envdepth=\count477
\c@mdf@env@i=\count478
\c@mdf@env@ii=\count479
\c@mdf@zref@counter=\count480
Package zref Info: New property: mdf@pagevalue on input line 895.
)
\esp=\skip191
\ecart=\skip192

(/usr/share/texlive/texmf-dist/tex/latex/hyperref/hyperref.sty
Package: hyperref 2020/01/14 v7.00d Hypertext links for LaTeX

(/usr/share/texlive/texmf-dist/tex/generic/pdfescape/pdfescape.sty
Package: pdfescape 2019/12/09 v1.15 Implements pdfTeX's escape features (HO)
)
(/usr/share/texlive/texmf-dist/tex/latex/hycolor/hycolor.sty
Package: hycolor 2020-01-27 v1.10 Color options for hyperref/bookmark (HO)
)
(/usr/share/texlive/texmf-dist/tex/latex/letltxmacro/letltxmacro.sty
Package: letltxmacro 2019/12/03 v1.6 Let assignment for LaTeX macros (HO)
)
\@linkdim=\dimen342
\Hy@linkcounter=\count481
\Hy@pagecounter=\count482

(/usr/share/texlive/texmf-dist/tex/latex/hyperref/pd1enc.def
File: pd1enc.def 2020/01/14 v7.00d Hyperref: PDFDocEncoding definition (HO)
Now handling font encoding PD1 ...
... no UTF-8 mapping file for font encoding PD1
)
(/usr/share/texlive/texmf-dist/tex/generic/intcalc/intcalc.sty
Package: intcalc 2019/12/15 v1.3 Expandable calculations with integers (HO)
)
\Hy@SavedSpaceFactor=\count483
\pdfmajorversion=\count484
Package hyperref Info: Hyper figures OFF on input line 4547.
Package hyperref Info: Link nesting OFF on input line 4552.
Package hyperref Info: Hyper index ON on input line 4555.
Package hyperref Info: Plain pages OFF on input line 4562.
Package hyperref Info: Backreferencing OFF on input line 4567.
Package hyperref Info: Implicit mode ON; LaTeX internals redefined.
Package hyperref Info: Bookmarks ON on input line 4800.
\c@Hy@tempcnt=\count485
LaTeX Info: Redefining \url on input line 5159.
\XeTeXLinkMargin=\dimen343

(/usr/share/texlive/texmf-dist/tex/generic/bitset/bitset.sty
Package: bitset 2019/12/09 v1.3 Handle bit-vector datatype (HO)

(/usr/share/texlive/texmf-dist/tex/generic/bigintcalc/bigintcalc.sty
Package: bigintcalc 2019/12/15 v1.5 Expandable calculations on big integers (HO
)
))
\Fld@menulength=\count486
\Field@Width=\dimen344
\Fld@charsize=\dimen345
Package hyperref Info: Hyper figures OFF on input line 6430.
Package hyperref Info: Link nesting OFF on input line 6435.
Package hyperref Info: Hyper index ON on input line 6438.
Package hyperref Info: backreferencing OFF on input line 6445.
Package hyperref Info: Link coloring OFF on input line 6450.
Package hyperref Info: Link coloring with OCG OFF on input line 6455.
Package hyperref Info: PDF/A mode OFF on input line 6460.
LaTeX Info: Redefining \ref on input line 6500.
LaTeX Info: Redefining \pageref on input line 6504.
\Hy@abspage=\count487
\c@Item=\count488
\c@Hfootnote=\count489
)
Package hyperref Info: Driver (autodetected): hpdftex.

(/usr/share/texlive/texmf-dist/tex/latex/hyperref/hpdftex.def
File: hpdftex.def 2020/01/14 v7.00d Hyperref driver for pdfTeX

(/usr/share/texlive/texmf-dist/tex/latex/atveryend/atveryend.sty
Package: atveryend 2019-12-11 v1.11 Hooks at the very end of document (HO)
)
\HyAnn@Count=\count490
\Fld@listcount=\count491
\c@bookmark@seq@number=\count492

(/usr/share/texlive/texmf-dist/tex/latex/rerunfilecheck/rerunfilecheck.sty
Package: rerunfilecheck 2019/12/05 v1.9 Rerun checks for auxiliary files (HO)

(/usr/share/texlive/texmf-dist/tex/generic/uniquecounter/uniquecounter.sty
Package: uniquecounter 2019/12/15 v1.4 Provide unlimited unique counter (HO)
)
Package uniquecounter Info: New unique counter `rerunfilecheck' on input line 2
86.
)
\Hy@SectionHShift=\skip193
)

Package hyperref Warning: Option `backref' has already been used,
(hyperref)                setting the option has no effect on input line 486.


Package hyperref Warning: Option `pagebackref' has already been used,
(hyperref)                setting the option has no effect on input line 486.


Package hyperref Warning: Option `hyperindex' has already been used,
(hyperref)                setting the option has no effect on input line 486.

Package hyperref Info: Option `colorlinks' set `false' on input line 486.
Package hyperref Info: Option `breaklinks' set `true' on input line 486.

Package hyperref Warning: Option `bookmarks' has already been used,
(hyperref)                setting the option has no effect on input line 486.

Package hyperref Info: Option `bookmarksopen' set `false' on input line 486.
(/usr/share/texlive/texmf-dist/tex/latex/bookmark/bookmark.sty
Package: bookmark 2019/12/03 v1.28 PDF bookmarks (HO)

(/usr/share/texlive/texmf-dist/tex/latex/bookmark/bkm-pdftex.def
File: bkm-pdftex.def 2019/12/03 v1.28 bookmark driver for pdfTeX (HO)
\BKM@id=\count493
)))
(./cmd/cmd.tex
\selvestebox=\box132
 (./cmd/cores.tex) (./cmd/comandos.tex
\c@CounterTodo=\count494
\c@CounterTogil=\count495
\c@CounterTopedro=\count496
) (./cmd/ambientes.tex
\c@CounterPergunta=\count497
\c@CounterResposta=\count498
\c@CounterRequisito=\count499
\c@CounterExemplo=\count500
\c@CounterImportante=\count501
\c@CounterFuncionalidade=\count502
\c@CounterNota=\count503
\c@CounterFalha=\count504
\c@CounterImagine=\count505
\c@CounterAjuste=\count506
\c@CounterEvolutivo=\count507
\c@counterpropostanumerada=\count508
\c@CounterCMDListarAmbiente=\count509
)
(./cmd/atalhos.tex))
Package csquotes Info: Checking for multilingual support...
Package csquotes Info: ... found 'babel' package.
Package csquotes Info: Adjusting default style.
Package csquotes Info: Redefining alias 'default' -> 'portuguese'.
 (./separado.aux)
\openout1 = `separado.aux'.

LaTeX Font Info:    Checking defaults for OML/cmm/m/it on input line 11.
LaTeX Font Info:    ... okay on input line 11.
LaTeX Font Info:    Checking defaults for OMS/cmsy/m/n on input line 11.
LaTeX Font Info:    ... okay on input line 11.
LaTeX Font Info:    Checking defaults for OT1/cmr/m/n on input line 11.
LaTeX Font Info:    ... okay on input line 11.
LaTeX Font Info:    Checking defaults for T1/cmr/m/n on input line 11.
LaTeX Font Info:    ... okay on input line 11.
LaTeX Font Info:    Checking defaults for TS1/cmr/m/n on input line 11.
LaTeX Font Info:    ... okay on input line 11.
LaTeX Font Info:    Checking defaults for OMX/cmex/m/n on input line 11.
LaTeX Font Info:    ... okay on input line 11.
LaTeX Font Info:    Checking defaults for U/cmr/m/n on input line 11.
LaTeX Font Info:    ... okay on input line 11.
LaTeX Font Info:    Checking defaults for PD1/pdf/m/n on input line 11.
LaTeX Font Info:    ... okay on input line 11.

(/usr/share/texlive/texmf-dist/tex/context/base/mkii/supp-pdf.mkii
[Loading MPS to PDF converter (version 2006.09.02).]
\scratchcounter=\count510
\scratchdimen=\dimen346
\scratchbox=\box133
\nofMPsegments=\count511
\nofMParguments=\count512
\everyMPshowfont=\toks64
\MPscratchCnt=\count513
\MPscratchDim=\dimen347
\MPnumerator=\count514
\makeMPintoPDFobject=\count515
\everyMPtoPDFconversion=\toks65
) (/usr/share/texlive/texmf-dist/tex/latex/epstopdf-pkg/epstopdf-base.sty
Package: epstopdf-base 2020-01-24 v2.11 Base part for package epstopdf
Package epstopdf-base Info: Redefining graphics rule for `.eps' on input line 4
85.

(/usr/share/texlive/texmf-dist/tex/latex/latexconfig/epstopdf-sys.cfg
File: epstopdf-sys.cfg 2010/07/13 v1.3 Configuration of (r)epstopdf for TeX Liv
e
))
ABD: EveryShipout initializing macros
Package lastpage Info: Please have a look at the pageslts package at
(lastpage)             https://www.ctan.org/pkg/pageslts
(lastpage)             ! on input line 11.
\c@lstlisting=\count516
\AtBeginShipoutBox=\box134

*geometry* driver: auto-detecting
*geometry* detected driver: pdftex
*geometry* verbose mode - [ preamble ] result:
* driver: pdftex
* paper: a4paper
* layout: <same size as paper>
* layoutoffset:(h,v)=(0.0pt,0.0pt)
* modes: twoside 
* h-part:(L,W,R)=(85.35826pt, 426.79135pt, 85.35826pt)
* v-part:(T,H,B)=(85.35826pt, 674.33032pt, 85.35826pt)
* \paperwidth=597.50787pt
* \paperheight=845.04684pt
* \textwidth=426.79135pt
* \textheight=674.33032pt
* \oddsidemargin=13.08827pt
* \evensidemargin=13.08827pt
* \topmargin=-10.91173pt
* \headheight=14.0pt
* \headsep=10.0pt
* \topskip=12.0pt
* \footskip=39.83368pt
* \marginparwidth=74.68849pt
* \marginparsep=12.8401pt
* \columnsep=10.0pt
* \skip\footins=10.8pt plus 4.0pt minus 2.0pt
* \hoffset=0.0pt
* \voffset=0.0pt
* \mag=1000
* \@twocolumnfalse
* \@twosidetrue
* \@mparswitchtrue
* \@reversemarginfalse
* (1in=72.27pt=25.4mm, 1cm=28.453pt)

LaTeX Info: Redefining \microtypecontext on input line 11.
Package microtype Info: Generating PDF output.
Package microtype Info: Character protrusion enabled (level 2).
Package microtype Info: Using default protrusion set `alltext'.
Package microtype Info: Automatic font expansion enabled (level 2),
(microtype)             stretch: 20, shrink: 20, step: 1, non-selected.
Package microtype Info: Using default expansion set `basictext'.
LaTeX Info: Redefining \showhyphens on input line 11.
Package microtype Info: No adjustment of tracking.
Package microtype Info: No adjustment of interword spacing.
Package microtype Info: No adjustment of character kerning.
(/usr/share/texlive/texmf-dist/tex/latex/microtype/mt-ptm.cfg
File: mt-ptm.cfg 2006/04/20 v1.7 microtype config. file: Times (RS)
)
Package biblatex Info: Trying to load language 'portuguese'...
Package biblatex Info: ... file 'portuguese.lbx' found.

(/usr/share/texlive/texmf-dist/tex/latex/biblatex/lbx/portuguese.lbx
File: portuguese.lbx 2019/12/01 v3.14 biblatex localization (PK/MW)
)
Package biblatex Info: Input encoding 'utf8' detected.
Package biblatex Info: Automatic encoding selection.
(biblatex)             Assuming data encoding 'utf8'.
\openout7 = `separado.bcf'.

Package biblatex Info: Trying to load bibliographic data...
Package biblatex Info: ... file 'separado.bbl' found.

(./separado.bbl)
Package biblatex Info: Reference section=0 on input line 11.
Package biblatex Info: Reference segment=0 on input line 11.
Package hyperref Info: Link coloring OFF on input line 11.
 (/usr/share/texlive/texmf-dist/tex/latex/hyperref/nameref.sty
Package: nameref 2019/09/16 v2.46 Cross-referencing by name of section

(/usr/share/texlive/texmf-dist/tex/latex/refcount/refcount.sty
Package: refcount 2019/12/15 v3.6 Data extraction from label references (HO)
)
(/usr/share/texlive/texmf-dist/tex/generic/gettitlestring/gettitlestring.sty
Package: gettitlestring 2019/12/15 v1.6 Cleanup title references (HO)
)
\c@section@level=\count517
)
LaTeX Info: Redefining \ref on input line 11.
LaTeX Info: Redefining \pageref on input line 11.
LaTeX Info: Redefining \nameref on input line 11.

(./cfg/sep-cap.tex
<art/sep-capa-vinho.pdf, id=31, 583.9416pt x 834.71848pt>
File: art/sep-capa-vinho.pdf Graphic file (type pdf)
<use art/sep-capa-vinho.pdf>
Package pdftex.def Info: art/sep-capa-vinho.pdf  used on input line 111.
(pdftex.def)             Requested size: 597.50787pt x 854.11452pt.
LaTeX Font Info:    Trying to load font information for T1+pag on input line 11
2.
 (/usr/share/texlive/texmf-dist/tex/latex/psnfss/t1pag.fd
File: t1pag.fd 2001/06/04 font definitions for T1/pag.
)
LaTeX Font Info:    Font shape `T1/pag/b/n' in size <24.88> not available
(Font)              Font shape `T1/pag/db/n' tried instead on input line 112.
Package microtype Info: Loading generic protrusion settings for font family
(microtype)             `pag' (encoding: T1).
(microtype)             For optimal results, create family-specific settings.
(microtype)             See the microtype manual for details.
LaTeX Font Info:    Font shape `T1/pag/b/sc' in size <24.88> not available
(Font)              Font shape `T1/pag/db/sc' tried instead on input line 118.
LaTeX Font Info:    Font shape `T1/pag/b/n' in size <17.28> not available
(Font)              Font shape `T1/pag/db/n' tried instead on input line 118.
LaTeX Font Info:    Font shape `T1/pag/b/n' in size <10.95> not available
(Font)              Font shape `T1/pag/db/n' tried instead on input line 118.
LaTeX Font Info:    Trying to load font information for TS1+pag on input line 1
18.

(/usr/share/texlive/texmf-dist/tex/latex/psnfss/ts1pag.fd
File: ts1pag.fd 2001/06/04 font definitions for TS1/pag.
)
LaTeX Font Info:    Font shape `TS1/pag/b/n' in size <10.95> not available
(Font)              Font shape `TS1/pag/db/n' tried instead on input line 118.
Package microtype Info: Loading generic protrusion settings for font family
(microtype)             `pag' (encoding: TS1).
(microtype)             For optimal results, create family-specific settings.
(microtype)             See the microtype manual for details.
LaTeX Font Info:    Font shape `T1/pag/b/n' in size <14.4> not available
(Font)              Font shape `T1/pag/db/n' tried instead on input line 118.
LaTeX Font Info:    Trying to load font information for OT1+ztmcm on input line
 118.

(/usr/share/texlive/texmf-dist/tex/latex/psnfss/ot1ztmcm.fd
File: ot1ztmcm.fd 2000/01/03 Fontinst v1.801 font definitions for OT1/ztmcm.
)
Package microtype Info: Loading generic protrusion settings for font family
(microtype)             `ztmcm' (encoding: OT1).
(microtype)             For optimal results, create family-specific settings.
(microtype)             See the microtype manual for details.
LaTeX Font Info:    Trying to load font information for OML+ztmcm on input line
 118.

(/usr/share/texlive/texmf-dist/tex/latex/psnfss/omlztmcm.fd
File: omlztmcm.fd 2000/01/03 Fontinst v1.801 font definitions for OML/ztmcm.
)
LaTeX Font Info:    Trying to load font information for OMS+ztmcm on input line
 118.

(/usr/share/texlive/texmf-dist/tex/latex/psnfss/omsztmcm.fd
File: omsztmcm.fd 2000/01/03 Fontinst v1.801 font definitions for OMS/ztmcm.
)
LaTeX Font Info:    Trying to load font information for OMX+ztmcm on input line
 118.

(/usr/share/texlive/texmf-dist/tex/latex/psnfss/omxztmcm.fd
File: omxztmcm.fd 2000/01/03 Fontinst v1.801 font definitions for OMX/ztmcm.
)
LaTeX Font Info:    Trying to load font information for U+rsfs on input line 11
8.

(/usr/share/texlive/texmf-dist/tex/latex/jknapltx/ursfs.fd
File: ursfs.fd 1998/03/24 rsfs font definition file (jk)
)
LaTeX Font Info:    Trying to load font information for OT1+ptm on input line 1
18.

(/usr/share/texlive/texmf-dist/tex/latex/psnfss/ot1ptm.fd
File: ot1ptm.fd 2001/06/04 font definitions for OT1/ptm.
)
LaTeX Font Info:    Font shape `OT1/ptm/bx/n' in size <24.88> not available
(Font)              Font shape `OT1/ptm/b/n' tried instead on input line 118.
LaTeX Font Info:    Font shape `OT1/ptm/bx/n' in size <17.28> not available
(Font)              Font shape `OT1/ptm/b/n' tried instead on input line 118.
LaTeX Font Info:    Font shape `OT1/ptm/bx/n' in size <14.4> not available
(Font)              Font shape `OT1/ptm/b/n' tried instead on input line 118.

(/usr/share/texlive/texmf-dist/tex/latex/microtype/mt-msa.cfg
File: mt-msa.cfg 2006/02/04 v1.1 microtype config. file: AMS symbols (a) (RS)
)
(/usr/share/texlive/texmf-dist/tex/latex/microtype/mt-msb.cfg
File: mt-msb.cfg 2005/06/01 v1.0 microtype config. file: AMS symbols (b) (RS)
)) [1

{/var/lib/texmf/fonts/map/pdftex/updmap/pdftex.map} <./art/sep-capa-vinho.pdf>]

(./separado.toc
LaTeX Font Info:    Font shape `T1/pag/b/n' in size <12> not available
(Font)              Font shape `T1/pag/db/n' tried instead on input line 6.
)
\tf@toc=\write9
\openout9 = `separado.toc'.

 [2

] (./txt/sep.tex (./txt/DETALHES/registro-de-auditoria.tex
LaTeX Font Info:    Trying to load font information for TS1+ptm on input line 1
5.

(/usr/share/texlive/texmf-dist/tex/latex/psnfss/ts1ptm.fd
File: ts1ptm.fd 2001/06/04 font definitions for TS1/ptm.
) [3


]
Cap\'{\i }tulo 1.
[4

]
Overfull \hbox (14.00487pt too wide) in paragraph at lines 95--96
[]\T1/ptm/b/n/12 W - WAR-NING\T1/ptm/m/n/12 (-20) : Even-tos de Aviso (\T1/ptm/
b/n/12 w\T1/ptm/m/n/12 (-20) arning) que po-ten-ci-al-mente po-dem se trans-for
-mar
 []


Package Fancyhdr Warning: \headheight is too small (14.0pt): 
Make it at least 14.49998pt.
We now make it that large for the rest of the document.
This may cause the page layout to be inconsistent, however.

[5] [6]
Overfull \hbox (24.85976pt too wide) in paragraph at lines 194--194
[]\T1/pag/db/n/14.4 Limpeza do Banco de Da-dos por pe-rodo (ou n-mero de re-g
is-tros) 
 []

LaTeX Font Info:    Font shape `OT1/ptm/bx/n' in size <12> not available
(Font)              Font shape `OT1/ptm/b/n' tried instead on input line 207.
LaTeX Font Info:    Font shape `OT1/ptm/bx/n' in size <9> not available
(Font)              Font shape `OT1/ptm/b/n' tried instead on input line 207.
LaTeX Font Info:    Font shape `OT1/ptm/bx/n' in size <7> not available
(Font)              Font shape `OT1/ptm/b/n' tried instead on input line 207.

Overfull \hbox (2.58139pt too wide) in paragraph at lines 212--212
[]|\T1/ptm/b/n/12 Sigla| 
 []


Overfull \hbox (6.86961pt too wide) in paragraph at lines 215--215
[]|\T1/ptm/b/sc/12 P\T1/ptm/m/n/12 (-20) rincipal| 
 []


Overfull \hbox (6.3134pt too wide) in paragraph at lines 215--215
[]|\T1/ptm/b/sc/12 ISPL| 
 []


Overfull \hbox (6.86961pt too wide) in paragraph at lines 216--216
[]|\T1/ptm/b/sc/12 P\T1/ptm/m/n/12 (-20) rincipal| 
 []


Overfull \hbox (5.6415pt too wide) in paragraph at lines 216--216
[]|\T1/ptm/b/sc/12 ISPP| 
 []


Overfull \hbox (12.45819pt too wide) in paragraph at lines 217--217
[]|\T1/ptm/m/n/12 (-20) Integrao
 []


Underfull \hbox (badness 5359) in paragraph at lines 217--217
\T1/ptm/m/n/12 (+20) com o
 []


Overfull \hbox (4.98143pt too wide) in paragraph at lines 217--217
[]|\T1/ptm/b/sc/12 ISSP| 
 []


Overfull \hbox (38.0344pt too wide) in paragraph at lines 207--220
 [] 
 []


Overfull \hbox (1.41591pt too wide) in paragraph at lines 232--232
[]|\T1/ptm/m/n/12 (-20) Sigla| 
 []


Overfull \hbox (6.86961pt too wide) in paragraph at lines 236--236
[]|\T1/ptm/b/sc/12 P\T1/ptm/m/n/12 (-20) rincipal| 
 []


Overfull \hbox (10.29765pt too wide) in paragraph at lines 236--236
[]|\T1/ptm/b/sc/12 APPP| 
 []


Overfull \hbox (6.86961pt too wide) in paragraph at lines 237--237
[]|\T1/ptm/b/sc/12 P\T1/ptm/m/n/12 (-20) rincipal| 
 []


Overfull \hbox (11.62962pt too wide) in paragraph at lines 237--237
[]|\T1/ptm/b/sc/12 APPN| 
 []


Overfull \hbox (6.86961pt too wide) in paragraph at lines 238--238
[]|\T1/ptm/b/sc/12 P\T1/ptm/m/n/12 (-20) rincipal| 
 []


Overfull \hbox (11.62962pt too wide) in paragraph at lines 238--238
[]|\T1/ptm/b/sc/12 APPV| 
 []


Overfull \hbox (6.86961pt too wide) in paragraph at lines 239--239
[]|\T1/ptm/b/sc/12 P\T1/ptm/m/n/12 (-20) rincipal| 
 []


Overfull \hbox (10.96956pt too wide) in paragraph at lines 239--239
[]|\T1/ptm/b/sc/12 APPT| 
 []


Overfull \hbox (6.86961pt too wide) in paragraph at lines 240--240
[]|\T1/ptm/b/sc/12 P\T1/ptm/m/n/12 (-20) rincipal| 
 []


Underfull \hbox (badness 10000) in paragraph at lines 240--240
[]|\T1/ptm/m/n/12 (+20) Mensagem Tor-nar Pa-dro
 []


Overfull \hbox (7.63353pt too wide) in paragraph at lines 240--240
[]|\T1/ptm/b/sc/12 APPI| 
 []


Overfull \hbox (6.86961pt too wide) in paragraph at lines 241--241
[]|\T1/ptm/b/sc/12 P\T1/ptm/m/n/12 (-20) rincipal| 
 []


Underfull \hbox (badness 10000) in paragraph at lines 241--241
[]|\T1/ptm/m/n/12 (+20) Mensagem Tor-nar Pa-dro
 []


Overfull \hbox (10.96956pt too wide) in paragraph at lines 241--241
[]|\T1/ptm/b/sc/12 APPE| 
 []


Overfull \hbox (6.86961pt too wide) in paragraph at lines 242--242
[]|\T1/ptm/b/sc/12 P\T1/ptm/m/n/12 (-20) rincipal| 
 []


Overfull \hbox (11.62962pt too wide) in paragraph at lines 242--242
[]|\T1/ptm/b/sc/12 APPX| 
 []


Overfull \hbox (6.86961pt too wide) in paragraph at lines 246--246
[]|\T1/ptm/b/sc/12 P\T1/ptm/m/n/12 (-20) rincipal| 
 []


Overfull \hbox (11.02962pt too wide) in paragraph at lines 246--246
[]|\T1/ptm/b/sc/12 AUPP| 
 []


Overfull \hbox (6.86961pt too wide) in paragraph at lines 247--247
[]|\T1/ptm/b/sc/12 P\T1/ptm/m/n/12 (-20) rincipal| 
 []


Overfull \hbox (12.36159pt too wide) in paragraph at lines 247--247
[]|\T1/ptm/b/sc/12 AUPN| 
 []


Overfull \hbox (6.86961pt too wide) in paragraph at lines 248--248
[]|\T1/ptm/b/sc/12 P\T1/ptm/m/n/12 (-20) rincipal| 
 []


Overfull \hbox (12.36159pt too wide) in paragraph at lines 248--248
[]|\T1/ptm/b/sc/12 AUPV| 
 []


Overfull \hbox (6.86961pt too wide) in paragraph at lines 249--249
[]|\T1/ptm/b/sc/12 P\T1/ptm/m/n/12 (-20) rincipal| 
 []


Overfull \hbox (11.70152pt too wide) in paragraph at lines 249--249
[]|\T1/ptm/b/sc/12 AUPT| 
 []


Overfull \hbox (6.86961pt too wide) in paragraph at lines 250--250
[]|\T1/ptm/b/sc/12 P\T1/ptm/m/n/12 (-20) rincipal| 
 []


Underfull \hbox (badness 3735) in paragraph at lines 250--250
[]|\T1/ptm/m/n/12 (+20) Modal Vin-cu-lar Per\T1/ptm/b/sc/12 f\T1/ptm/m/n/12 (+2
0) il de
 []


Overfull \hbox (11.02962pt too wide) in paragraph at lines 250--250
[]|\T1/ptm/b/sc/12 AUPF| 
 []


Overfull \hbox (6.86961pt too wide) in paragraph at lines 251--251
[]|\T1/ptm/b/sc/12 P\T1/ptm/m/n/12 (-20) rincipal| 
 []


Overfull \hbox (11.47359pt too wide) in paragraph at lines 251--251
[]|\T1/ptm/b/sc/12 AUPA| 
 []


Overfull \hbox (6.86961pt too wide) in paragraph at lines 252--252
[]|\T1/ptm/b/sc/12 P\T1/ptm/m/n/12 (-20) rincipal| 
 []


Overfull \hbox (8.3655pt too wide) in paragraph at lines 252--252
[]|\T1/ptm/b/sc/12 AUPI| 
 []


Overfull \hbox (6.86961pt too wide) in paragraph at lines 253--253
[]|\T1/ptm/b/sc/12 P\T1/ptm/m/n/12 (-20) rincipal| 
 []


Overfull \hbox (12.36159pt too wide) in paragraph at lines 253--253
[]|\T1/ptm/b/sc/12 AUPX| 
 []


Overfull \hbox (6.86961pt too wide) in paragraph at lines 256--256
[]|\T1/ptm/b/sc/12 P\T1/ptm/m/n/12 (-20) rincipal| 
 []


Overfull \hbox (11.62962pt too wide) in paragraph at lines 256--256
[]|\T1/ptm/b/sc/12 ANPP| 
 []


Overfull \hbox (6.86961pt too wide) in paragraph at lines 257--257
[]|\T1/ptm/b/sc/12 P\T1/ptm/m/n/12 (-20) rincipal| 
 []


Overfull \hbox (12.9616pt too wide) in paragraph at lines 257--257
[]|\T1/ptm/b/sc/12 ANPN| 
 []


Overfull \hbox (6.86961pt too wide) in paragraph at lines 258--258
[]|\T1/ptm/b/sc/12 P\T1/ptm/m/n/12 (-20) rincipal| 
 []


Overfull \hbox (12.9616pt too wide) in paragraph at lines 258--258
[]|\T1/ptm/b/sc/12 ANPV| 
 []


Overfull \hbox (6.86961pt too wide) in paragraph at lines 259--259
[]|\T1/ptm/b/sc/12 P\T1/ptm/m/n/12 (-20) rincipal| 
 []


Overfull \hbox (12.30153pt too wide) in paragraph at lines 259--259
[]|\T1/ptm/b/sc/12 ANPT| 
 []


Overfull \hbox (6.86961pt too wide) in paragraph at lines 260--260
[]|\T1/ptm/b/sc/12 P\T1/ptm/m/n/12 (-20) rincipal| 
 []


Overfull \hbox (12.9616pt too wide) in paragraph at lines 260--260
[]|\T1/ptm/b/sc/12 ANPX| 
 []


Underfull \hbox (badness 10000) in paragraph at lines 264--264
[]|\T1/ptm/b/n/12 A\T1/ptm/m/n/12 (+20) dministrar
 []


Overfull \hbox (6.86961pt too wide) in paragraph at lines 264--264
[]|\T1/ptm/b/sc/12 P\T1/ptm/m/n/12 (-20) rincipal| 
 []


Overfull \hbox (10.96971pt too wide) in paragraph at lines 264--264
[]|\T1/ptm/b/sc/12 ACPP| 
 []


Underfull \hbox (badness 10000) in paragraph at lines 265--265
[]|\T1/ptm/b/n/12 A\T1/ptm/m/n/12 (+20) dministrar
 []


Overfull \hbox (6.86961pt too wide) in paragraph at lines 265--265
[]|\T1/ptm/b/sc/12 P\T1/ptm/m/n/12 (-20) rincipal| 
 []


Overfull \hbox (11.64162pt too wide) in paragraph at lines 265--265
[]|\T1/ptm/b/sc/12 ACPT| 
 []


Overfull \hbox (38.0344pt too wide) in paragraph at lines 227--268
 [] 
 []


Underfull \vbox (badness 10000) has occurred while \output is active []

 [7]
Overfull \hbox (1.41591pt too wide) in paragraph at lines 280--280
[]|\T1/ptm/m/n/12 (-20) Sigla| 
 []


Underfull \hbox (badness 10000) in paragraph at lines 285--285
[]|\T1/ptm/b/n/12 S\T1/ptm/m/n/12 (+20) olicitar \T1/ptm/b/n/12 O\T1/ptm/m/n/12
 (+20) rdem de
 []


Overfull \hbox (6.86961pt too wide) in paragraph at lines 285--285
[]|\T1/ptm/b/sc/12 P\T1/ptm/m/n/12 (-20) rincipal| 
 []


Overfull \hbox (10.3095pt too wide) in paragraph at lines 285--285
[]|\T1/ptm/b/sc/12 SOPP| 
 []


Underfull \hbox (badness 10000) in paragraph at lines 286--286
[]|\T1/ptm/b/n/12 S\T1/ptm/m/n/12 (+20) olicitar \T1/ptm/b/n/12 O\T1/ptm/m/n/12
 (+20) rdem de
 []


Overfull \hbox (6.86961pt too wide) in paragraph at lines 286--286
[]|\T1/ptm/b/sc/12 P\T1/ptm/m/n/12 (-20) rincipal| 
 []


Overfull \hbox (11.64146pt too wide) in paragraph at lines 286--286
[]|\T1/ptm/b/sc/12 SOPN| 
 []


Underfull \hbox (badness 10000) in paragraph at lines 287--287
[]|\T1/ptm/b/n/12 S\T1/ptm/m/n/12 (+20) olicitar \T1/ptm/b/n/12 O\T1/ptm/m/n/12
 (+20) rdem de
 []


Overfull \hbox (6.86961pt too wide) in paragraph at lines 287--287
[]|\T1/ptm/b/sc/12 P\T1/ptm/m/n/12 (-20) rincipal| 
 []


Overfull \hbox (11.64146pt too wide) in paragraph at lines 287--287
[]|\T1/ptm/b/sc/12 SOPV| 
 []


Underfull \hbox (badness 10000) in paragraph at lines 288--288
[]|\T1/ptm/b/n/12 S\T1/ptm/m/n/12 (+20) olicitar \T1/ptm/b/n/12 O\T1/ptm/m/n/12
 (+20) rdem de
 []


Overfull \hbox (6.86961pt too wide) in paragraph at lines 288--288
[]|\T1/ptm/b/sc/12 P\T1/ptm/m/n/12 (-20) rincipal| 
 []


Underfull \hbox (badness 10000) in paragraph at lines 288--288
[]|\T1/ptm/m/n/12 (+20) Mensagem \T1/ptm/b/sc/12 C\T1/ptm/m/n/12 (+20) ancelar
 []


Overfull \hbox (11.64146pt too wide) in paragraph at lines 288--288
[]|\T1/ptm/b/sc/12 SOPC| 
 []


Overfull \hbox (38.0344pt too wide) in paragraph at lines 275--292
 [] 
 []


Underfull \vbox (badness 2970) has occurred while \output is active []

 [8]
Overfull \hbox (1.41591pt too wide) in paragraph at lines 304--304
[]|\T1/ptm/m/n/12 (-20) Sigla| 
 []


Underfull \hbox (badness 10000) in paragraph at lines 309--309
[]|\T1/ptm/m/n/12 (+20) ASS\T1/ptm/b/n/12 E\T1/ptm/m/n/12 (+20) L Ge-ren-ciar e

 []


Overfull \hbox (6.86961pt too wide) in paragraph at lines 309--309
[]|\T1/ptm/b/sc/12 P\T1/ptm/m/n/12 (-20) rincipal| 
 []


Overfull \hbox (11.64146pt too wide) in paragraph at lines 309--309
[]|\T1/ptm/b/sc/12 EOPP| 
 []


Underfull \hbox (badness 10000) in paragraph at lines 310--310
[]|\T1/ptm/m/n/12 (+20) ASS\T1/ptm/b/n/12 E\T1/ptm/m/n/12 (+20) L Ge-ren-ciar e

 []


Overfull \hbox (6.86961pt too wide) in paragraph at lines 310--310
[]|\T1/ptm/b/sc/12 P\T1/ptm/m/n/12 (-20) rincipal| 
 []


Overfull \hbox (12.97343pt too wide) in paragraph at lines 310--310
[]|\T1/ptm/b/sc/12 EOPD| 
 []


Underfull \hbox (badness 10000) in paragraph at lines 311--311
[]|\T1/ptm/m/n/12 (+20) ASS\T1/ptm/b/n/12 E\T1/ptm/m/n/12 (+20) L Ge-ren-ciar e

 []


Overfull \hbox (6.86961pt too wide) in paragraph at lines 311--311
[]|\T1/ptm/b/sc/12 P\T1/ptm/m/n/12 (-20) rincipal| 
 []


Overfull \hbox (12.08543pt too wide) in paragraph at lines 311--311
[]|\T1/ptm/b/sc/12 EOPA| 
 []


Underfull \hbox (badness 10000) in paragraph at lines 312--312
[]|\T1/ptm/m/n/12 (+20) ASS\T1/ptm/b/n/12 E\T1/ptm/m/n/12 (+20) L Ge-ren-ciar e

 []


Overfull \hbox (6.86961pt too wide) in paragraph at lines 312--312
[]|\T1/ptm/b/sc/12 P\T1/ptm/m/n/12 (-20) rincipal| 
 []


Overfull \hbox (12.97343pt too wide) in paragraph at lines 312--312
[]|\T1/ptm/b/sc/12 EOPN| 
 []


Underfull \hbox (badness 10000) in paragraph at lines 313--313
[]|\T1/ptm/m/n/12 (+20) ASS\T1/ptm/b/n/12 E\T1/ptm/m/n/12 (+20) L Ge-ren-ciar e

 []


Overfull \hbox (6.86961pt too wide) in paragraph at lines 313--313
[]|\T1/ptm/b/sc/12 P\T1/ptm/m/n/12 (-20) rincipal| 
 []


Overfull \hbox (12.31337pt too wide) in paragraph at lines 313--313
[]|\T1/ptm/b/sc/12 EOPT| 
 []


Underfull \hbox (badness 10000) in paragraph at lines 316--316
[]|\T1/ptm/m/n/12 (+20) ASS\T1/ptm/b/n/12 E\T1/ptm/m/n/12 (+20) L Ge-ren-ciar e

 []


Overfull \hbox (4.27379pt too wide) in paragraph at lines 316--316
[]|\T1/ptm/b/sc/12 D\T1/ptm/m/n/12 (-20) etalhar| 
 []


Overfull \hbox (12.97343pt too wide) in paragraph at lines 316--316
[]|\T1/ptm/b/sc/12 EODP| 
 []


Underfull \hbox (badness 10000) in paragraph at lines 317--317
[]|\T1/ptm/m/n/12 (+20) ASS\T1/ptm/b/n/12 E\T1/ptm/m/n/12 (+20) L Ge-ren-ciar e

 []


Overfull \hbox (3.62694pt too wide) in paragraph at lines 317--317
[]|\T1/ptm/b/sc/12 A\T1/ptm/m/n/12 (-20) nalisar| 
 []


Overfull \hbox (12.49355pt too wide) in paragraph at lines 317--317
[]|\T1/ptm/b/sc/12 EOAP| 
 []


Underfull \hbox (badness 10000) in paragraph at lines 318--318
[]|\T1/ptm/m/n/12 (+20) ASS\T1/ptm/b/n/12 E\T1/ptm/m/n/12 (+20) L Ge-ren-ciar e

 []


Overfull \hbox (3.62694pt too wide) in paragraph at lines 318--318
[]|\T1/ptm/b/sc/12 A\T1/ptm/m/n/12 (-20) nalisar| 
 []


Overfull \hbox (13.82552pt too wide) in paragraph at lines 318--318
[]|\T1/ptm/b/sc/12 EOAD| 
 []


Underfull \hbox (badness 10000) in paragraph at lines 319--319
[]|\T1/ptm/m/n/12 (+20) ASS\T1/ptm/b/n/12 E\T1/ptm/m/n/12 (+20) L Ge-ren-ciar e

 []


Overfull \hbox (3.62694pt too wide) in paragraph at lines 319--319
[]|\T1/ptm/b/sc/12 A\T1/ptm/m/n/12 (-20) nalisar| 
 []


Overfull \hbox (12.0255pt too wide) in paragraph at lines 319--319
[]|\T1/ptm/b/sc/12 EOAT| 
 []


Underfull \hbox (badness 10000) in paragraph at lines 320--320
[]|\T1/ptm/m/n/12 (+20) ASS\T1/ptm/b/n/12 E\T1/ptm/m/n/12 (+20) L Ge-ren-ciar e

 []


Overfull \hbox (3.62694pt too wide) in paragraph at lines 320--320
[]|\T1/ptm/b/sc/12 A\T1/ptm/m/n/12 (-20) nalisar| 
 []


Overfull \hbox (13.82552pt too wide) in paragraph at lines 320--320
[]|\T1/ptm/b/sc/12 EOAR| 
 []


Underfull \hbox (badness 10000) in paragraph at lines 321--321
[]|\T1/ptm/m/n/12 (+20) ASS\T1/ptm/b/n/12 E\T1/ptm/m/n/12 (+20) L Ge-ren-ciar e

 []


Overfull \hbox (3.62694pt too wide) in paragraph at lines 321--321
[]|\T1/ptm/b/sc/12 A\T1/ptm/m/n/12 (-20) nalisar| 
 []


Overfull \hbox (12.49355pt too wide) in paragraph at lines 321--321
[]|\T1/ptm/b/sc/12 EOAF| 
 []


Underfull \hbox (badness 10000) in paragraph at lines 322--322
[]|\T1/ptm/m/n/12 (+20) ASS\T1/ptm/b/n/12 E\T1/ptm/m/n/12 (+20) L Ge-ren-ciar e

 []


Overfull \hbox (3.62694pt too wide) in paragraph at lines 322--322
[]|\T1/ptm/b/sc/12 A\T1/ptm/m/n/12 (-20) nalisar| 
 []


Overfull \hbox (16.48947pt too wide) in paragraph at lines 322--322
[]|\T1/ptm/b/sc/12 EOAM| 
 []


Overfull \hbox (38.0344pt too wide) in paragraph at lines 299--325
 [] 
 []


Underfull \vbox (badness 10000) has occurred while \output is active []

 [9]
Overfull \hbox (1.41591pt too wide) in paragraph at lines 339--339
[]|\T1/ptm/m/n/12 (-20) Sigla| 
 []


Overfull \hbox (6.86961pt too wide) in paragraph at lines 351--351
[]|\T1/ptm/b/sc/12 P\T1/ptm/m/n/12 (-20) rincipal| 
 []


Overfull \hbox (14.29358pt too wide) in paragraph at lines 351--351
[]|\T1/ptm/b/sc/12 MNPP| 
 []


Overfull \hbox (6.86961pt too wide) in paragraph at lines 355--355
[]|\T1/ptm/b/sc/12 P\T1/ptm/m/n/12 (-20) rincipal| 
 []


Overfull \hbox (15.62555pt too wide) in paragraph at lines 355--355
[]|\T1/ptm/b/sc/12 MNPV| 
 []


Overfull \hbox (6.86961pt too wide) in paragraph at lines 358--358
[]|\T1/ptm/b/sc/12 P\T1/ptm/m/n/12 (-20) rincipal| 
 []


Overfull \hbox (14.29358pt too wide) in paragraph at lines 358--358
[]|\T1/ptm/b/sc/12 MNPF| 
 []


Overfull \hbox (6.86961pt too wide) in paragraph at lines 361--361
[]|\T1/ptm/b/sc/12 P\T1/ptm/m/n/12 (-20) rincipal| 
 []


Overfull \hbox (15.62555pt too wide) in paragraph at lines 361--361
[]|\T1/ptm/b/sc/12 MNPX| 
 []


Overfull \hbox (6.86961pt too wide) in paragraph at lines 364--364
[]|\T1/ptm/b/sc/12 P\T1/ptm/m/n/12 (-20) rincipal| 
 []


Overfull \hbox (14.96548pt too wide) in paragraph at lines 364--364
[]|\T1/ptm/b/sc/12 MNPE| 
 []


Overfull \hbox (13.63351pt too wide) in paragraph at lines 368--368
[]|\T1/ptm/b/sc/12 MNSP| 
 []


Overfull \hbox (38.0344pt too wide) in paragraph at lines 334--372
 [] 
 []


Underfull \vbox (badness 10000) has occurred while \output is active []

 [10]))

AED: lastpage setting LastPage
[11]
Package atveryend Info: Empty hook `BeforeClearDocument' on input line 89.
Package atveryend Info: Empty hook `AfterLastShipout' on input line 89.
 (./separado.aux)
Package atveryend Info: Executing hook `AtVeryEndDocument' on input line 89.
Package atveryend Info: Empty hook `AtEndAfterFileList' on input line 89.
Package logreq Info: Writing requests to 'separado.run.xml'.
\openout1 = `separado.run.xml'.

 ) 
Here is how much of TeX's memory you used:
 42440 strings out of 481239
 802505 string characters out of 5920377
 1685457 words of memory out of 5000000
 56740 multiletter control sequences out of 15000+600000
 616613 words of font info for 176 fonts, out of 8000000 for 9000
 1141 hyphenation exceptions out of 8191
 63i,12n,85p,1153b,1810s stack positions out of 5000i,500n,10000p,200000b,80000s
{/usr/share/texlive/texmf-dist/fonts/enc/dvips/base/8r.enc}</usr/share/texliv
e/texmf-dist/fonts/type1/urw/avantgar/uagd8a.pfb></usr/share/texlive/texmf-dist
/fonts/type1/urw/avantgar/uagk8a.pfb></usr/share/texlive/texmf-dist/fonts/type1
/urw/times/utmb8a.pfb></usr/share/texlive/texmf-dist/fonts/type1/urw/times/utmr
8a.pfb>
Output written on separado.pdf (11 pages, 100988 bytes).
PDF statistics:
 264 PDF objects out of 1000 (max. 8388607)
 202 compressed objects within 3 object streams
 40 named destinations out of 1000 (max. 500000)
 42794 words of extra memory for PDF output out of 42996 (max. 10000000)

